The system is: Linux - 3.13.0-29-generic - x86_64
Compiling the C compiler identification source file "CMakeCCompilerId.c" succeeded.
Compiler: /usr/bin/cc 
Build flags: 
Id flags: 

The output was:
0


Compilation of the C compiler identification source "CMakeCCompilerId.c" produced "a.out"

The C compiler identification is GNU, found in "/home/victor/libs/PCL/PCL-src/Android/apps/android/android_dependencies/android-cmake/common-libs/eigen/eigen-android/build/CMakeFiles/3.2.1/CompilerIdC/a.out"

Compiling the CXX compiler identification source file "CMakeCXXCompilerId.cpp" succeeded.
Compiler: /usr/bin/c++ 
Build flags: 
Id flags: 

The output was:
0


Compilation of the CXX compiler identification source "CMakeCXXCompilerId.cpp" produced "a.out"

The CXX compiler identification is GNU, found in "/home/victor/libs/PCL/PCL-src/Android/apps/android/android_dependencies/android-cmake/common-libs/eigen/eigen-android/build/CMakeFiles/3.2.1/CompilerIdCXX/a.out"

Determining if the C compiler works passed with the following output:
Change Dir: /home/victor/libs/PCL/PCL-src/Android/apps/android/android_dependencies/android-cmake/common-libs/eigen/eigen-android/build/CMakeFiles/CMakeTmp

Run Build Command:"/usr/bin/make" "cmTryCompileExec23120173/fast"
/usr/bin/make -f CMakeFiles/cmTryCompileExec23120173.dir/build.make CMakeFiles/cmTryCompileExec23120173.dir/build
make[1]: Entering directory `/home/victor/libs/PCL/PCL-src/Android/apps/android/android_dependencies/android-cmake/common-libs/eigen/eigen-android/build/CMakeFiles/CMakeTmp'
/usr/bin/cmake -E cmake_progress_report /home/victor/libs/PCL/PCL-src/Android/apps/android/android_dependencies/android-cmake/common-libs/eigen/eigen-android/build/CMakeFiles/CMakeTmp/CMakeFiles 1
Building C object CMakeFiles/cmTryCompileExec23120173.dir/testCCompiler.c.o
/usr/bin/cc    -o CMakeFiles/cmTryCompileExec23120173.dir/testCCompiler.c.o   -c /home/victor/libs/PCL/PCL-src/Android/apps/android/android_dependencies/android-cmake/common-libs/eigen/eigen-android/build/CMakeFiles/CMakeTmp/testCCompiler.c
Linking C executable cmTryCompileExec23120173
/usr/bin/cmake -E cmake_link_script CMakeFiles/cmTryCompileExec23120173.dir/link.txt --verbose=1
/usr/bin/cc       CMakeFiles/cmTryCompileExec23120173.dir/testCCompiler.c.o  -o cmTryCompileExec23120173 -rdynamic 
make[1]: Leaving directory `/home/victor/libs/PCL/PCL-src/Android/apps/android/android_dependencies/android-cmake/common-libs/eigen/eigen-android/build/CMakeFiles/CMakeTmp'


Detecting C compiler ABI info compiled with the following output:
Change Dir: /home/victor/libs/PCL/PCL-src/Android/apps/android/android_dependencies/android-cmake/common-libs/eigen/eigen-android/build/CMakeFiles/CMakeTmp

Run Build Command:"/usr/bin/make" "cmTryCompileExec288065375/fast"
/usr/bin/make -f CMakeFiles/cmTryCompileExec288065375.dir/build.make CMakeFiles/cmTryCompileExec288065375.dir/build
make[1]: Entering directory `/home/victor/libs/PCL/PCL-src/Android/apps/android/android_dependencies/android-cmake/common-libs/eigen/eigen-android/build/CMakeFiles/CMakeTmp'
/usr/bin/cmake -E cmake_progress_report /home/victor/libs/PCL/PCL-src/Android/apps/android/android_dependencies/android-cmake/common-libs/eigen/eigen-android/build/CMakeFiles/CMakeTmp/CMakeFiles 1
Building C object CMakeFiles/cmTryCompileExec288065375.dir/CMakeCCompilerABI.c.o
/usr/bin/cc    -o CMakeFiles/cmTryCompileExec288065375.dir/CMakeCCompilerABI.c.o   -c /usr/share/cmake-3.2/Modules/CMakeCCompilerABI.c
Linking C executable cmTryCompileExec288065375
/usr/bin/cmake -E cmake_link_script CMakeFiles/cmTryCompileExec288065375.dir/link.txt --verbose=1
/usr/bin/cc      -v CMakeFiles/cmTryCompileExec288065375.dir/CMakeCCompilerABI.c.o  -o cmTryCompileExec288065375 -rdynamic  
Using built-in specs.
COLLECT_GCC=/usr/bin/cc
COLLECT_LTO_WRAPPER=/usr/lib/gcc/x86_64-linux-gnu/4.8/lto-wrapper
Target: x86_64-linux-gnu
Configured with: ../src/configure -v --with-pkgversion='Ubuntu 4.8.2-19ubuntu1' --with-bugurl=file:///usr/share/doc/gcc-4.8/README.Bugs --enable-languages=c,c++,java,go,d,fortran,objc,obj-c++ --prefix=/usr --program-suffix=-4.8 --enable-shared --enable-linker-build-id --libexecdir=/usr/lib --without-included-gettext --enable-threads=posix --with-gxx-include-dir=/usr/include/c++/4.8 --libdir=/usr/lib --enable-nls --with-sysroot=/ --enable-clocale=gnu --enable-libstdcxx-debug --enable-libstdcxx-time=yes --enable-gnu-unique-object --disable-libmudflap --enable-plugin --with-system-zlib --disable-browser-plugin --enable-java-awt=gtk --enable-gtk-cairo --with-java-home=/usr/lib/jvm/java-1.5.0-gcj-4.8-amd64/jre --enable-java-home --with-jvm-root-dir=/usr/lib/jvm/java-1.5.0-gcj-4.8-amd64 --with-jvm-jar-dir=/usr/lib/jvm-exports/java-1.5.0-gcj-4.8-amd64 --with-arch-directory=amd64 --with-ecj-jar=/usr/share/java/eclipse-ecj.jar --enable-objc-gc --enable-multiarch --disable-werror --with-arch-32=i686 --with-abi=m64 --with-multilib-list=m32,m64,mx32 --with-tune=generic --enable-checking=release --build=x86_64-linux-gnu --host=x86_64-linux-gnu --target=x86_64-linux-gnu
Thread model: posix
gcc version 4.8.2 (Ubuntu 4.8.2-19ubuntu1) 
COMPILER_PATH=/usr/lib/gcc/x86_64-linux-gnu/4.8/:/usr/lib/gcc/x86_64-linux-gnu/4.8/:/usr/lib/gcc/x86_64-linux-gnu/:/usr/lib/gcc/x86_64-linux-gnu/4.8/:/usr/lib/gcc/x86_64-linux-gnu/
LIBRARY_PATH=/usr/lib/gcc/x86_64-linux-gnu/4.8/:/usr/lib/gcc/x86_64-linux-gnu/4.8/../../../x86_64-linux-gnu/:/usr/lib/gcc/x86_64-linux-gnu/4.8/../../../../lib/:/lib/x86_64-linux-gnu/:/lib/../lib/:/usr/lib/x86_64-linux-gnu/:/usr/lib/../lib/:/usr/lib/gcc/x86_64-linux-gnu/4.8/../../../:/lib/:/usr/lib/
COLLECT_GCC_OPTIONS='-v' '-o' 'cmTryCompileExec288065375' '-rdynamic' '-mtune=generic' '-march=x86-64'
 /usr/lib/gcc/x86_64-linux-gnu/4.8/collect2 --sysroot=/ --build-id --eh-frame-hdr -m elf_x86_64 --hash-style=gnu --as-needed -export-dynamic -dynamic-linker /lib64/ld-linux-x86-64.so.2 -z relro -o cmTryCompileExec288065375 /usr/lib/gcc/x86_64-linux-gnu/4.8/../../../x86_64-linux-gnu/crt1.o /usr/lib/gcc/x86_64-linux-gnu/4.8/../../../x86_64-linux-gnu/crti.o /usr/lib/gcc/x86_64-linux-gnu/4.8/crtbegin.o -L/usr/lib/gcc/x86_64-linux-gnu/4.8 -L/usr/lib/gcc/x86_64-linux-gnu/4.8/../../../x86_64-linux-gnu -L/usr/lib/gcc/x86_64-linux-gnu/4.8/../../../../lib -L/lib/x86_64-linux-gnu -L/lib/../lib -L/usr/lib/x86_64-linux-gnu -L/usr/lib/../lib -L/usr/lib/gcc/x86_64-linux-gnu/4.8/../../.. CMakeFiles/cmTryCompileExec288065375.dir/CMakeCCompilerABI.c.o -lgcc --as-needed -lgcc_s --no-as-needed -lc -lgcc --as-needed -lgcc_s --no-as-needed /usr/lib/gcc/x86_64-linux-gnu/4.8/crtend.o /usr/lib/gcc/x86_64-linux-gnu/4.8/../../../x86_64-linux-gnu/crtn.o
make[1]: Leaving directory `/home/victor/libs/PCL/PCL-src/Android/apps/android/android_dependencies/android-cmake/common-libs/eigen/eigen-android/build/CMakeFiles/CMakeTmp'


Parsed C implicit link information from above output:
  link line regex: [^( *|.*[/\])(ld|([^/\]+-)?ld|collect2)[^/\]*( |$)]
  ignore line: [Change Dir: /home/victor/libs/PCL/PCL-src/Android/apps/android/android_dependencies/android-cmake/common-libs/eigen/eigen-android/build/CMakeFiles/CMakeTmp]
  ignore line: []
  ignore line: [Run Build Command:"/usr/bin/make" "cmTryCompileExec288065375/fast"]
  ignore line: [/usr/bin/make -f CMakeFiles/cmTryCompileExec288065375.dir/build.make CMakeFiles/cmTryCompileExec288065375.dir/build]
  ignore line: [make[1]: Entering directory `/home/victor/libs/PCL/PCL-src/Android/apps/android/android_dependencies/android-cmake/common-libs/eigen/eigen-android/build/CMakeFiles/CMakeTmp']
  ignore line: [/usr/bin/cmake -E cmake_progress_report /home/victor/libs/PCL/PCL-src/Android/apps/android/android_dependencies/android-cmake/common-libs/eigen/eigen-android/build/CMakeFiles/CMakeTmp/CMakeFiles 1]
  ignore line: [Building C object CMakeFiles/cmTryCompileExec288065375.dir/CMakeCCompilerABI.c.o]
  ignore line: [/usr/bin/cc    -o CMakeFiles/cmTryCompileExec288065375.dir/CMakeCCompilerABI.c.o   -c /usr/share/cmake-3.2/Modules/CMakeCCompilerABI.c]
  ignore line: [Linking C executable cmTryCompileExec288065375]
  ignore line: [/usr/bin/cmake -E cmake_link_script CMakeFiles/cmTryCompileExec288065375.dir/link.txt --verbose=1]
  ignore line: [/usr/bin/cc      -v CMakeFiles/cmTryCompileExec288065375.dir/CMakeCCompilerABI.c.o  -o cmTryCompileExec288065375 -rdynamic  ]
  ignore line: [Using built-in specs.]
  ignore line: [COLLECT_GCC=/usr/bin/cc]
  ignore line: [COLLECT_LTO_WRAPPER=/usr/lib/gcc/x86_64-linux-gnu/4.8/lto-wrapper]
  ignore line: [Target: x86_64-linux-gnu]
  ignore line: [Configured with: ../src/configure -v --with-pkgversion='Ubuntu 4.8.2-19ubuntu1' --with-bugurl=file:///usr/share/doc/gcc-4.8/README.Bugs --enable-languages=c,c++,java,go,d,fortran,objc,obj-c++ --prefix=/usr --program-suffix=-4.8 --enable-shared --enable-linker-build-id --libexecdir=/usr/lib --without-included-gettext --enable-threads=posix --with-gxx-include-dir=/usr/include/c++/4.8 --libdir=/usr/lib --enable-nls --with-sysroot=/ --enable-clocale=gnu --enable-libstdcxx-debug --enable-libstdcxx-time=yes --enable-gnu-unique-object --disable-libmudflap --enable-plugin --with-system-zlib --disable-browser-plugin --enable-java-awt=gtk --enable-gtk-cairo --with-java-home=/usr/lib/jvm/java-1.5.0-gcj-4.8-amd64/jre --enable-java-home --with-jvm-root-dir=/usr/lib/jvm/java-1.5.0-gcj-4.8-amd64 --with-jvm-jar-dir=/usr/lib/jvm-exports/java-1.5.0-gcj-4.8-amd64 --with-arch-directory=amd64 --with-ecj-jar=/usr/share/java/eclipse-ecj.jar --enable-objc-gc --enable-multiarch --disable-werror --with-arch-32=i686 --with-abi=m64 --with-multilib-list=m32,m64,mx32 --with-tune=generic --enable-checking=release --build=x86_64-linux-gnu --host=x86_64-linux-gnu --target=x86_64-linux-gnu]
  ignore line: [Thread model: posix]
  ignore line: [gcc version 4.8.2 (Ubuntu 4.8.2-19ubuntu1) ]
  ignore line: [COMPILER_PATH=/usr/lib/gcc/x86_64-linux-gnu/4.8/:/usr/lib/gcc/x86_64-linux-gnu/4.8/:/usr/lib/gcc/x86_64-linux-gnu/:/usr/lib/gcc/x86_64-linux-gnu/4.8/:/usr/lib/gcc/x86_64-linux-gnu/]
  ignore line: [LIBRARY_PATH=/usr/lib/gcc/x86_64-linux-gnu/4.8/:/usr/lib/gcc/x86_64-linux-gnu/4.8/../../../x86_64-linux-gnu/:/usr/lib/gcc/x86_64-linux-gnu/4.8/../../../../lib/:/lib/x86_64-linux-gnu/:/lib/../lib/:/usr/lib/x86_64-linux-gnu/:/usr/lib/../lib/:/usr/lib/gcc/x86_64-linux-gnu/4.8/../../../:/lib/:/usr/lib/]
  ignore line: [COLLECT_GCC_OPTIONS='-v' '-o' 'cmTryCompileExec288065375' '-rdynamic' '-mtune=generic' '-march=x86-64']
  link line: [ /usr/lib/gcc/x86_64-linux-gnu/4.8/collect2 --sysroot=/ --build-id --eh-frame-hdr -m elf_x86_64 --hash-style=gnu --as-needed -export-dynamic -dynamic-linker /lib64/ld-linux-x86-64.so.2 -z relro -o cmTryCompileExec288065375 /usr/lib/gcc/x86_64-linux-gnu/4.8/../../../x86_64-linux-gnu/crt1.o /usr/lib/gcc/x86_64-linux-gnu/4.8/../../../x86_64-linux-gnu/crti.o /usr/lib/gcc/x86_64-linux-gnu/4.8/crtbegin.o -L/usr/lib/gcc/x86_64-linux-gnu/4.8 -L/usr/lib/gcc/x86_64-linux-gnu/4.8/../../../x86_64-linux-gnu -L/usr/lib/gcc/x86_64-linux-gnu/4.8/../../../../lib -L/lib/x86_64-linux-gnu -L/lib/../lib -L/usr/lib/x86_64-linux-gnu -L/usr/lib/../lib -L/usr/lib/gcc/x86_64-linux-gnu/4.8/../../.. CMakeFiles/cmTryCompileExec288065375.dir/CMakeCCompilerABI.c.o -lgcc --as-needed -lgcc_s --no-as-needed -lc -lgcc --as-needed -lgcc_s --no-as-needed /usr/lib/gcc/x86_64-linux-gnu/4.8/crtend.o /usr/lib/gcc/x86_64-linux-gnu/4.8/../../../x86_64-linux-gnu/crtn.o]
    arg [/usr/lib/gcc/x86_64-linux-gnu/4.8/collect2] ==> ignore
    arg [--sysroot=/] ==> ignore
    arg [--build-id] ==> ignore
    arg [--eh-frame-hdr] ==> ignore
    arg [-m] ==> ignore
    arg [elf_x86_64] ==> ignore
    arg [--hash-style=gnu] ==> ignore
    arg [--as-needed] ==> ignore
    arg [-export-dynamic] ==> ignore
    arg [-dynamic-linker] ==> ignore
    arg [/lib64/ld-linux-x86-64.so.2] ==> ignore
    arg [-zrelro] ==> ignore
    arg [-o] ==> ignore
    arg [cmTryCompileExec288065375] ==> ignore
    arg [/usr/lib/gcc/x86_64-linux-gnu/4.8/../../../x86_64-linux-gnu/crt1.o] ==> ignore
    arg [/usr/lib/gcc/x86_64-linux-gnu/4.8/../../../x86_64-linux-gnu/crti.o] ==> ignore
    arg [/usr/lib/gcc/x86_64-linux-gnu/4.8/crtbegin.o] ==> ignore
    arg [-L/usr/lib/gcc/x86_64-linux-gnu/4.8] ==> dir [/usr/lib/gcc/x86_64-linux-gnu/4.8]
    arg [-L/usr/lib/gcc/x86_64-linux-gnu/4.8/../../../x86_64-linux-gnu] ==> dir [/usr/lib/gcc/x86_64-linux-gnu/4.8/../../../x86_64-linux-gnu]
    arg [-L/usr/lib/gcc/x86_64-linux-gnu/4.8/../../../../lib] ==> dir [/usr/lib/gcc/x86_64-linux-gnu/4.8/../../../../lib]
    arg [-L/lib/x86_64-linux-gnu] ==> dir [/lib/x86_64-linux-gnu]
    arg [-L/lib/../lib] ==> dir [/lib/../lib]
    arg [-L/usr/lib/x86_64-linux-gnu] ==> dir [/usr/lib/x86_64-linux-gnu]
    arg [-L/usr/lib/../lib] ==> dir [/usr/lib/../lib]
    arg [-L/usr/lib/gcc/x86_64-linux-gnu/4.8/../../..] ==> dir [/usr/lib/gcc/x86_64-linux-gnu/4.8/../../..]
    arg [CMakeFiles/cmTryCompileExec288065375.dir/CMakeCCompilerABI.c.o] ==> ignore
    arg [-lgcc] ==> lib [gcc]
    arg [--as-needed] ==> ignore
    arg [-lgcc_s] ==> lib [gcc_s]
    arg [--no-as-needed] ==> ignore
    arg [-lc] ==> lib [c]
    arg [-lgcc] ==> lib [gcc]
    arg [--as-needed] ==> ignore
    arg [-lgcc_s] ==> lib [gcc_s]
    arg [--no-as-needed] ==> ignore
    arg [/usr/lib/gcc/x86_64-linux-gnu/4.8/crtend.o] ==> ignore
    arg [/usr/lib/gcc/x86_64-linux-gnu/4.8/../../../x86_64-linux-gnu/crtn.o] ==> ignore
  remove lib [gcc]
  remove lib [gcc_s]
  remove lib [gcc]
  remove lib [gcc_s]
  collapse library dir [/usr/lib/gcc/x86_64-linux-gnu/4.8] ==> [/usr/lib/gcc/x86_64-linux-gnu/4.8]
  collapse library dir [/usr/lib/gcc/x86_64-linux-gnu/4.8/../../../x86_64-linux-gnu] ==> [/usr/lib/x86_64-linux-gnu]
  collapse library dir [/usr/lib/gcc/x86_64-linux-gnu/4.8/../../../../lib] ==> [/usr/lib]
  collapse library dir [/lib/x86_64-linux-gnu] ==> [/lib/x86_64-linux-gnu]
  collapse library dir [/lib/../lib] ==> [/lib]
  collapse library dir [/usr/lib/x86_64-linux-gnu] ==> [/usr/lib/x86_64-linux-gnu]
  collapse library dir [/usr/lib/../lib] ==> [/usr/lib]
  collapse library dir [/usr/lib/gcc/x86_64-linux-gnu/4.8/../../..] ==> [/usr/lib]
  implicit libs: [c]
  implicit dirs: [/usr/lib/gcc/x86_64-linux-gnu/4.8;/usr/lib/x86_64-linux-gnu;/usr/lib;/lib/x86_64-linux-gnu;/lib]
  implicit fwks: []




Detecting C [-std=c11] compiler features compiled with the following output:
Change Dir: /home/victor/libs/PCL/PCL-src/Android/apps/android/android_dependencies/android-cmake/common-libs/eigen/eigen-android/build/CMakeFiles/CMakeTmp

Run Build Command:"/usr/bin/make" "cmTryCompileExec3903399799/fast"
/usr/bin/make -f CMakeFiles/cmTryCompileExec3903399799.dir/build.make CMakeFiles/cmTryCompileExec3903399799.dir/build
make[1]: Entering directory `/home/victor/libs/PCL/PCL-src/Android/apps/android/android_dependencies/android-cmake/common-libs/eigen/eigen-android/build/CMakeFiles/CMakeTmp'
/usr/bin/cmake -E cmake_progress_report /home/victor/libs/PCL/PCL-src/Android/apps/android/android_dependencies/android-cmake/common-libs/eigen/eigen-android/build/CMakeFiles/CMakeTmp/CMakeFiles 1
Building C object CMakeFiles/cmTryCompileExec3903399799.dir/feature_tests.c.o
/usr/bin/cc   -std=c11 -o CMakeFiles/cmTryCompileExec3903399799.dir/feature_tests.c.o   -c /home/victor/libs/PCL/PCL-src/Android/apps/android/android_dependencies/android-cmake/common-libs/eigen/eigen-android/build/CMakeFiles/feature_tests.c
Linking C executable cmTryCompileExec3903399799
/usr/bin/cmake -E cmake_link_script CMakeFiles/cmTryCompileExec3903399799.dir/link.txt --verbose=1
/usr/bin/cc       CMakeFiles/cmTryCompileExec3903399799.dir/feature_tests.c.o  -o cmTryCompileExec3903399799 -rdynamic 
make[1]: Leaving directory `/home/victor/libs/PCL/PCL-src/Android/apps/android/android_dependencies/android-cmake/common-libs/eigen/eigen-android/build/CMakeFiles/CMakeTmp'


    Feature record: C_FEATURE:1c_function_prototypes
    Feature record: C_FEATURE:1c_restrict
    Feature record: C_FEATURE:1c_static_assert
    Feature record: C_FEATURE:1c_variadic_macros


Detecting C [-std=c99] compiler features compiled with the following output:
Change Dir: /home/victor/libs/PCL/PCL-src/Android/apps/android/android_dependencies/android-cmake/common-libs/eigen/eigen-android/build/CMakeFiles/CMakeTmp

Run Build Command:"/usr/bin/make" "cmTryCompileExec2346249843/fast"
/usr/bin/make -f CMakeFiles/cmTryCompileExec2346249843.dir/build.make CMakeFiles/cmTryCompileExec2346249843.dir/build
make[1]: Entering directory `/home/victor/libs/PCL/PCL-src/Android/apps/android/android_dependencies/android-cmake/common-libs/eigen/eigen-android/build/CMakeFiles/CMakeTmp'
/usr/bin/cmake -E cmake_progress_report /home/victor/libs/PCL/PCL-src/Android/apps/android/android_dependencies/android-cmake/common-libs/eigen/eigen-android/build/CMakeFiles/CMakeTmp/CMakeFiles 1
Building C object CMakeFiles/cmTryCompileExec2346249843.dir/feature_tests.c.o
/usr/bin/cc   -std=c99 -o CMakeFiles/cmTryCompileExec2346249843.dir/feature_tests.c.o   -c /home/victor/libs/PCL/PCL-src/Android/apps/android/android_dependencies/android-cmake/common-libs/eigen/eigen-android/build/CMakeFiles/feature_tests.c
Linking C executable cmTryCompileExec2346249843
/usr/bin/cmake -E cmake_link_script CMakeFiles/cmTryCompileExec2346249843.dir/link.txt --verbose=1
/usr/bin/cc       CMakeFiles/cmTryCompileExec2346249843.dir/feature_tests.c.o  -o cmTryCompileExec2346249843 -rdynamic 
make[1]: Leaving directory `/home/victor/libs/PCL/PCL-src/Android/apps/android/android_dependencies/android-cmake/common-libs/eigen/eigen-android/build/CMakeFiles/CMakeTmp'


    Feature record: C_FEATURE:1c_function_prototypes
    Feature record: C_FEATURE:1c_restrict
    Feature record: C_FEATURE:0c_static_assert
    Feature record: C_FEATURE:1c_variadic_macros


Detecting C [-std=c90] compiler features compiled with the following output:
Change Dir: /home/victor/libs/PCL/PCL-src/Android/apps/android/android_dependencies/android-cmake/common-libs/eigen/eigen-android/build/CMakeFiles/CMakeTmp

Run Build Command:"/usr/bin/make" "cmTryCompileExec3091400426/fast"
/usr/bin/make -f CMakeFiles/cmTryCompileExec3091400426.dir/build.make CMakeFiles/cmTryCompileExec3091400426.dir/build
make[1]: Entering directory `/home/victor/libs/PCL/PCL-src/Android/apps/android/android_dependencies/android-cmake/common-libs/eigen/eigen-android/build/CMakeFiles/CMakeTmp'
/usr/bin/cmake -E cmake_progress_report /home/victor/libs/PCL/PCL-src/Android/apps/android/android_dependencies/android-cmake/common-libs/eigen/eigen-android/build/CMakeFiles/CMakeTmp/CMakeFiles 1
Building C object CMakeFiles/cmTryCompileExec3091400426.dir/feature_tests.c.o
/usr/bin/cc   -std=c90 -o CMakeFiles/cmTryCompileExec3091400426.dir/feature_tests.c.o   -c /home/victor/libs/PCL/PCL-src/Android/apps/android/android_dependencies/android-cmake/common-libs/eigen/eigen-android/build/CMakeFiles/feature_tests.c
Linking C executable cmTryCompileExec3091400426
/usr/bin/cmake -E cmake_link_script CMakeFiles/cmTryCompileExec3091400426.dir/link.txt --verbose=1
/usr/bin/cc       CMakeFiles/cmTryCompileExec3091400426.dir/feature_tests.c.o  -o cmTryCompileExec3091400426 -rdynamic 
make[1]: Leaving directory `/home/victor/libs/PCL/PCL-src/Android/apps/android/android_dependencies/android-cmake/common-libs/eigen/eigen-android/build/CMakeFiles/CMakeTmp'


    Feature record: C_FEATURE:1c_function_prototypes
    Feature record: C_FEATURE:0c_restrict
    Feature record: C_FEATURE:0c_static_assert
    Feature record: C_FEATURE:0c_variadic_macros
Determining if the CXX compiler works passed with the following output:
Change Dir: /home/victor/libs/PCL/PCL-src/Android/apps/android/android_dependencies/android-cmake/common-libs/eigen/eigen-android/build/CMakeFiles/CMakeTmp

Run Build Command:"/usr/bin/make" "cmTryCompileExec1692700886/fast"
/usr/bin/make -f CMakeFiles/cmTryCompileExec1692700886.dir/build.make CMakeFiles/cmTryCompileExec1692700886.dir/build
make[1]: Entering directory `/home/victor/libs/PCL/PCL-src/Android/apps/android/android_dependencies/android-cmake/common-libs/eigen/eigen-android/build/CMakeFiles/CMakeTmp'
/usr/bin/cmake -E cmake_progress_report /home/victor/libs/PCL/PCL-src/Android/apps/android/android_dependencies/android-cmake/common-libs/eigen/eigen-android/build/CMakeFiles/CMakeTmp/CMakeFiles 1
Building CXX object CMakeFiles/cmTryCompileExec1692700886.dir/testCXXCompiler.cxx.o
/usr/bin/c++     -o CMakeFiles/cmTryCompileExec1692700886.dir/testCXXCompiler.cxx.o -c /home/victor/libs/PCL/PCL-src/Android/apps/android/android_dependencies/android-cmake/common-libs/eigen/eigen-android/build/CMakeFiles/CMakeTmp/testCXXCompiler.cxx
Linking CXX executable cmTryCompileExec1692700886
/usr/bin/cmake -E cmake_link_script CMakeFiles/cmTryCompileExec1692700886.dir/link.txt --verbose=1
/usr/bin/c++        CMakeFiles/cmTryCompileExec1692700886.dir/testCXXCompiler.cxx.o  -o cmTryCompileExec1692700886 -rdynamic 
make[1]: Leaving directory `/home/victor/libs/PCL/PCL-src/Android/apps/android/android_dependencies/android-cmake/common-libs/eigen/eigen-android/build/CMakeFiles/CMakeTmp'


Detecting CXX compiler ABI info compiled with the following output:
Change Dir: /home/victor/libs/PCL/PCL-src/Android/apps/android/android_dependencies/android-cmake/common-libs/eigen/eigen-android/build/CMakeFiles/CMakeTmp

Run Build Command:"/usr/bin/make" "cmTryCompileExec3320490255/fast"
/usr/bin/make -f CMakeFiles/cmTryCompileExec3320490255.dir/build.make CMakeFiles/cmTryCompileExec3320490255.dir/build
make[1]: Entering directory `/home/victor/libs/PCL/PCL-src/Android/apps/android/android_dependencies/android-cmake/common-libs/eigen/eigen-android/build/CMakeFiles/CMakeTmp'
/usr/bin/cmake -E cmake_progress_report /home/victor/libs/PCL/PCL-src/Android/apps/android/android_dependencies/android-cmake/common-libs/eigen/eigen-android/build/CMakeFiles/CMakeTmp/CMakeFiles 1
Building CXX object CMakeFiles/cmTryCompileExec3320490255.dir/CMakeCXXCompilerABI.cpp.o
/usr/bin/c++     -o CMakeFiles/cmTryCompileExec3320490255.dir/CMakeCXXCompilerABI.cpp.o -c /usr/share/cmake-3.2/Modules/CMakeCXXCompilerABI.cpp
Linking CXX executable cmTryCompileExec3320490255
/usr/bin/cmake -E cmake_link_script CMakeFiles/cmTryCompileExec3320490255.dir/link.txt --verbose=1
/usr/bin/c++       -v CMakeFiles/cmTryCompileExec3320490255.dir/CMakeCXXCompilerABI.cpp.o  -o cmTryCompileExec3320490255 -rdynamic  
Using built-in specs.
COLLECT_GCC=/usr/bin/c++
COLLECT_LTO_WRAPPER=/usr/lib/gcc/x86_64-linux-gnu/4.8/lto-wrapper
Target: x86_64-linux-gnu
Configured with: ../src/configure -v --with-pkgversion='Ubuntu 4.8.2-19ubuntu1' --with-bugurl=file:///usr/share/doc/gcc-4.8/README.Bugs --enable-languages=c,c++,java,go,d,fortran,objc,obj-c++ --prefix=/usr --program-suffix=-4.8 --enable-shared --enable-linker-build-id --libexecdir=/usr/lib --without-included-gettext --enable-threads=posix --with-gxx-include-dir=/usr/include/c++/4.8 --libdir=/usr/lib --enable-nls --with-sysroot=/ --enable-clocale=gnu --enable-libstdcxx-debug --enable-libstdcxx-time=yes --enable-gnu-unique-object --disable-libmudflap --enable-plugin --with-system-zlib --disable-browser-plugin --enable-java-awt=gtk --enable-gtk-cairo --with-java-home=/usr/lib/jvm/java-1.5.0-gcj-4.8-amd64/jre --enable-java-home --with-jvm-root-dir=/usr/lib/jvm/java-1.5.0-gcj-4.8-amd64 --with-jvm-jar-dir=/usr/lib/jvm-exports/java-1.5.0-gcj-4.8-amd64 --with-arch-directory=amd64 --with-ecj-jar=/usr/share/java/eclipse-ecj.jar --enable-objc-gc --enable-multiarch --disable-werror --with-arch-32=i686 --with-abi=m64 --with-multilib-list=m32,m64,mx32 --with-tune=generic --enable-checking=release --build=x86_64-linux-gnu --host=x86_64-linux-gnu --target=x86_64-linux-gnu
Thread model: posix
gcc version 4.8.2 (Ubuntu 4.8.2-19ubuntu1) 
COMPILER_PATH=/usr/lib/gcc/x86_64-linux-gnu/4.8/:/usr/lib/gcc/x86_64-linux-gnu/4.8/:/usr/lib/gcc/x86_64-linux-gnu/:/usr/lib/gcc/x86_64-linux-gnu/4.8/:/usr/lib/gcc/x86_64-linux-gnu/
LIBRARY_PATH=/usr/lib/gcc/x86_64-linux-gnu/4.8/:/usr/lib/gcc/x86_64-linux-gnu/4.8/../../../x86_64-linux-gnu/:/usr/lib/gcc/x86_64-linux-gnu/4.8/../../../../lib/:/lib/x86_64-linux-gnu/:/lib/../lib/:/usr/lib/x86_64-linux-gnu/:/usr/lib/../lib/:/usr/lib/gcc/x86_64-linux-gnu/4.8/../../../:/lib/:/usr/lib/
COLLECT_GCC_OPTIONS='-v' '-o' 'cmTryCompileExec3320490255' '-rdynamic' '-shared-libgcc' '-mtune=generic' '-march=x86-64'
 /usr/lib/gcc/x86_64-linux-gnu/4.8/collect2 --sysroot=/ --build-id --eh-frame-hdr -m elf_x86_64 --hash-style=gnu --as-needed -export-dynamic -dynamic-linker /lib64/ld-linux-x86-64.so.2 -z relro -o cmTryCompileExec3320490255 /usr/lib/gcc/x86_64-linux-gnu/4.8/../../../x86_64-linux-gnu/crt1.o /usr/lib/gcc/x86_64-linux-gnu/4.8/../../../x86_64-linux-gnu/crti.o /usr/lib/gcc/x86_64-linux-gnu/4.8/crtbegin.o -L/usr/lib/gcc/x86_64-linux-gnu/4.8 -L/usr/lib/gcc/x86_64-linux-gnu/4.8/../../../x86_64-linux-gnu -L/usr/lib/gcc/x86_64-linux-gnu/4.8/../../../../lib -L/lib/x86_64-linux-gnu -L/lib/../lib -L/usr/lib/x86_64-linux-gnu -L/usr/lib/../lib -L/usr/lib/gcc/x86_64-linux-gnu/4.8/../../.. CMakeFiles/cmTryCompileExec3320490255.dir/CMakeCXXCompilerABI.cpp.o -lstdc++ -lm -lgcc_s -lgcc -lc -lgcc_s -lgcc /usr/lib/gcc/x86_64-linux-gnu/4.8/crtend.o /usr/lib/gcc/x86_64-linux-gnu/4.8/../../../x86_64-linux-gnu/crtn.o
make[1]: Leaving directory `/home/victor/libs/PCL/PCL-src/Android/apps/android/android_dependencies/android-cmake/common-libs/eigen/eigen-android/build/CMakeFiles/CMakeTmp'


Parsed CXX implicit link information from above output:
  link line regex: [^( *|.*[/\])(ld|([^/\]+-)?ld|collect2)[^/\]*( |$)]
  ignore line: [Change Dir: /home/victor/libs/PCL/PCL-src/Android/apps/android/android_dependencies/android-cmake/common-libs/eigen/eigen-android/build/CMakeFiles/CMakeTmp]
  ignore line: []
  ignore line: [Run Build Command:"/usr/bin/make" "cmTryCompileExec3320490255/fast"]
  ignore line: [/usr/bin/make -f CMakeFiles/cmTryCompileExec3320490255.dir/build.make CMakeFiles/cmTryCompileExec3320490255.dir/build]
  ignore line: [make[1]: Entering directory `/home/victor/libs/PCL/PCL-src/Android/apps/android/android_dependencies/android-cmake/common-libs/eigen/eigen-android/build/CMakeFiles/CMakeTmp']
  ignore line: [/usr/bin/cmake -E cmake_progress_report /home/victor/libs/PCL/PCL-src/Android/apps/android/android_dependencies/android-cmake/common-libs/eigen/eigen-android/build/CMakeFiles/CMakeTmp/CMakeFiles 1]
  ignore line: [Building CXX object CMakeFiles/cmTryCompileExec3320490255.dir/CMakeCXXCompilerABI.cpp.o]
  ignore line: [/usr/bin/c++     -o CMakeFiles/cmTryCompileExec3320490255.dir/CMakeCXXCompilerABI.cpp.o -c /usr/share/cmake-3.2/Modules/CMakeCXXCompilerABI.cpp]
  ignore line: [Linking CXX executable cmTryCompileExec3320490255]
  ignore line: [/usr/bin/cmake -E cmake_link_script CMakeFiles/cmTryCompileExec3320490255.dir/link.txt --verbose=1]
  ignore line: [/usr/bin/c++       -v CMakeFiles/cmTryCompileExec3320490255.dir/CMakeCXXCompilerABI.cpp.o  -o cmTryCompileExec3320490255 -rdynamic  ]
  ignore line: [Using built-in specs.]
  ignore line: [COLLECT_GCC=/usr/bin/c++]
  ignore line: [COLLECT_LTO_WRAPPER=/usr/lib/gcc/x86_64-linux-gnu/4.8/lto-wrapper]
  ignore line: [Target: x86_64-linux-gnu]
  ignore line: [Configured with: ../src/configure -v --with-pkgversion='Ubuntu 4.8.2-19ubuntu1' --with-bugurl=file:///usr/share/doc/gcc-4.8/README.Bugs --enable-languages=c,c++,java,go,d,fortran,objc,obj-c++ --prefix=/usr --program-suffix=-4.8 --enable-shared --enable-linker-build-id --libexecdir=/usr/lib --without-included-gettext --enable-threads=posix --with-gxx-include-dir=/usr/include/c++/4.8 --libdir=/usr/lib --enable-nls --with-sysroot=/ --enable-clocale=gnu --enable-libstdcxx-debug --enable-libstdcxx-time=yes --enable-gnu-unique-object --disable-libmudflap --enable-plugin --with-system-zlib --disable-browser-plugin --enable-java-awt=gtk --enable-gtk-cairo --with-java-home=/usr/lib/jvm/java-1.5.0-gcj-4.8-amd64/jre --enable-java-home --with-jvm-root-dir=/usr/lib/jvm/java-1.5.0-gcj-4.8-amd64 --with-jvm-jar-dir=/usr/lib/jvm-exports/java-1.5.0-gcj-4.8-amd64 --with-arch-directory=amd64 --with-ecj-jar=/usr/share/java/eclipse-ecj.jar --enable-objc-gc --enable-multiarch --disable-werror --with-arch-32=i686 --with-abi=m64 --with-multilib-list=m32,m64,mx32 --with-tune=generic --enable-checking=release --build=x86_64-linux-gnu --host=x86_64-linux-gnu --target=x86_64-linux-gnu]
  ignore line: [Thread model: posix]
  ignore line: [gcc version 4.8.2 (Ubuntu 4.8.2-19ubuntu1) ]
  ignore line: [COMPILER_PATH=/usr/lib/gcc/x86_64-linux-gnu/4.8/:/usr/lib/gcc/x86_64-linux-gnu/4.8/:/usr/lib/gcc/x86_64-linux-gnu/:/usr/lib/gcc/x86_64-linux-gnu/4.8/:/usr/lib/gcc/x86_64-linux-gnu/]
  ignore line: [LIBRARY_PATH=/usr/lib/gcc/x86_64-linux-gnu/4.8/:/usr/lib/gcc/x86_64-linux-gnu/4.8/../../../x86_64-linux-gnu/:/usr/lib/gcc/x86_64-linux-gnu/4.8/../../../../lib/:/lib/x86_64-linux-gnu/:/lib/../lib/:/usr/lib/x86_64-linux-gnu/:/usr/lib/../lib/:/usr/lib/gcc/x86_64-linux-gnu/4.8/../../../:/lib/:/usr/lib/]
  ignore line: [COLLECT_GCC_OPTIONS='-v' '-o' 'cmTryCompileExec3320490255' '-rdynamic' '-shared-libgcc' '-mtune=generic' '-march=x86-64']
  link line: [ /usr/lib/gcc/x86_64-linux-gnu/4.8/collect2 --sysroot=/ --build-id --eh-frame-hdr -m elf_x86_64 --hash-style=gnu --as-needed -export-dynamic -dynamic-linker /lib64/ld-linux-x86-64.so.2 -z relro -o cmTryCompileExec3320490255 /usr/lib/gcc/x86_64-linux-gnu/4.8/../../../x86_64-linux-gnu/crt1.o /usr/lib/gcc/x86_64-linux-gnu/4.8/../../../x86_64-linux-gnu/crti.o /usr/lib/gcc/x86_64-linux-gnu/4.8/crtbegin.o -L/usr/lib/gcc/x86_64-linux-gnu/4.8 -L/usr/lib/gcc/x86_64-linux-gnu/4.8/../../../x86_64-linux-gnu -L/usr/lib/gcc/x86_64-linux-gnu/4.8/../../../../lib -L/lib/x86_64-linux-gnu -L/lib/../lib -L/usr/lib/x86_64-linux-gnu -L/usr/lib/../lib -L/usr/lib/gcc/x86_64-linux-gnu/4.8/../../.. CMakeFiles/cmTryCompileExec3320490255.dir/CMakeCXXCompilerABI.cpp.o -lstdc++ -lm -lgcc_s -lgcc -lc -lgcc_s -lgcc /usr/lib/gcc/x86_64-linux-gnu/4.8/crtend.o /usr/lib/gcc/x86_64-linux-gnu/4.8/../../../x86_64-linux-gnu/crtn.o]
    arg [/usr/lib/gcc/x86_64-linux-gnu/4.8/collect2] ==> ignore
    arg [--sysroot=/] ==> ignore
    arg [--build-id] ==> ignore
    arg [--eh-frame-hdr] ==> ignore
    arg [-m] ==> ignore
    arg [elf_x86_64] ==> ignore
    arg [--hash-style=gnu] ==> ignore
    arg [--as-needed] ==> ignore
    arg [-export-dynamic] ==> ignore
    arg [-dynamic-linker] ==> ignore
    arg [/lib64/ld-linux-x86-64.so.2] ==> ignore
    arg [-zrelro] ==> ignore
    arg [-o] ==> ignore
    arg [cmTryCompileExec3320490255] ==> ignore
    arg [/usr/lib/gcc/x86_64-linux-gnu/4.8/../../../x86_64-linux-gnu/crt1.o] ==> ignore
    arg [/usr/lib/gcc/x86_64-linux-gnu/4.8/../../../x86_64-linux-gnu/crti.o] ==> ignore
    arg [/usr/lib/gcc/x86_64-linux-gnu/4.8/crtbegin.o] ==> ignore
    arg [-L/usr/lib/gcc/x86_64-linux-gnu/4.8] ==> dir [/usr/lib/gcc/x86_64-linux-gnu/4.8]
    arg [-L/usr/lib/gcc/x86_64-linux-gnu/4.8/../../../x86_64-linux-gnu] ==> dir [/usr/lib/gcc/x86_64-linux-gnu/4.8/../../../x86_64-linux-gnu]
    arg [-L/usr/lib/gcc/x86_64-linux-gnu/4.8/../../../../lib] ==> dir [/usr/lib/gcc/x86_64-linux-gnu/4.8/../../../../lib]
    arg [-L/lib/x86_64-linux-gnu] ==> dir [/lib/x86_64-linux-gnu]
    arg [-L/lib/../lib] ==> dir [/lib/../lib]
    arg [-L/usr/lib/x86_64-linux-gnu] ==> dir [/usr/lib/x86_64-linux-gnu]
    arg [-L/usr/lib/../lib] ==> dir [/usr/lib/../lib]
    arg [-L/usr/lib/gcc/x86_64-linux-gnu/4.8/../../..] ==> dir [/usr/lib/gcc/x86_64-linux-gnu/4.8/../../..]
    arg [CMakeFiles/cmTryCompileExec3320490255.dir/CMakeCXXCompilerABI.cpp.o] ==> ignore
    arg [-lstdc++] ==> lib [stdc++]
    arg [-lm] ==> lib [m]
    arg [-lgcc_s] ==> lib [gcc_s]
    arg [-lgcc] ==> lib [gcc]
    arg [-lc] ==> lib [c]
    arg [-lgcc_s] ==> lib [gcc_s]
    arg [-lgcc] ==> lib [gcc]
    arg [/usr/lib/gcc/x86_64-linux-gnu/4.8/crtend.o] ==> ignore
    arg [/usr/lib/gcc/x86_64-linux-gnu/4.8/../../../x86_64-linux-gnu/crtn.o] ==> ignore
  remove lib [gcc_s]
  remove lib [gcc]
  remove lib [gcc_s]
  remove lib [gcc]
  collapse library dir [/usr/lib/gcc/x86_64-linux-gnu/4.8] ==> [/usr/lib/gcc/x86_64-linux-gnu/4.8]
  collapse library dir [/usr/lib/gcc/x86_64-linux-gnu/4.8/../../../x86_64-linux-gnu] ==> [/usr/lib/x86_64-linux-gnu]
  collapse library dir [/usr/lib/gcc/x86_64-linux-gnu/4.8/../../../../lib] ==> [/usr/lib]
  collapse library dir [/lib/x86_64-linux-gnu] ==> [/lib/x86_64-linux-gnu]
  collapse library dir [/lib/../lib] ==> [/lib]
  collapse library dir [/usr/lib/x86_64-linux-gnu] ==> [/usr/lib/x86_64-linux-gnu]
  collapse library dir [/usr/lib/../lib] ==> [/usr/lib]
  collapse library dir [/usr/lib/gcc/x86_64-linux-gnu/4.8/../../..] ==> [/usr/lib]
  implicit libs: [stdc++;m;c]
  implicit dirs: [/usr/lib/gcc/x86_64-linux-gnu/4.8;/usr/lib/x86_64-linux-gnu;/usr/lib;/lib/x86_64-linux-gnu;/lib]
  implicit fwks: []




Detecting CXX [-std=c++1y] compiler features compiled with the following output:
Change Dir: /home/victor/libs/PCL/PCL-src/Android/apps/android/android_dependencies/android-cmake/common-libs/eigen/eigen-android/build/CMakeFiles/CMakeTmp

Run Build Command:"/usr/bin/make" "cmTryCompileExec4118451874/fast"
/usr/bin/make -f CMakeFiles/cmTryCompileExec4118451874.dir/build.make CMakeFiles/cmTryCompileExec4118451874.dir/build
make[1]: Entering directory `/home/victor/libs/PCL/PCL-src/Android/apps/android/android_dependencies/android-cmake/common-libs/eigen/eigen-android/build/CMakeFiles/CMakeTmp'
/usr/bin/cmake -E cmake_progress_report /home/victor/libs/PCL/PCL-src/Android/apps/android/android_dependencies/android-cmake/common-libs/eigen/eigen-android/build/CMakeFiles/CMakeTmp/CMakeFiles 1
Building CXX object CMakeFiles/cmTryCompileExec4118451874.dir/feature_tests.cxx.o
/usr/bin/c++    -std=c++1y -o CMakeFiles/cmTryCompileExec4118451874.dir/feature_tests.cxx.o -c /home/victor/libs/PCL/PCL-src/Android/apps/android/android_dependencies/android-cmake/common-libs/eigen/eigen-android/build/CMakeFiles/feature_tests.cxx
Linking CXX executable cmTryCompileExec4118451874
/usr/bin/cmake -E cmake_link_script CMakeFiles/cmTryCompileExec4118451874.dir/link.txt --verbose=1
/usr/bin/c++        CMakeFiles/cmTryCompileExec4118451874.dir/feature_tests.cxx.o  -o cmTryCompileExec4118451874 -rdynamic 
make[1]: Leaving directory `/home/victor/libs/PCL/PCL-src/Android/apps/android/android_dependencies/android-cmake/common-libs/eigen/eigen-android/build/CMakeFiles/CMakeTmp'


    Feature record: CXX_FEATURE:0cxx_aggregate_default_initializers
    Feature record: CXX_FEATURE:1cxx_alias_templates
    Feature record: CXX_FEATURE:1cxx_alignas
    Feature record: CXX_FEATURE:1cxx_alignof
    Feature record: CXX_FEATURE:1cxx_attributes
    Feature record: CXX_FEATURE:0cxx_attribute_deprecated
    Feature record: CXX_FEATURE:1cxx_auto_type
    Feature record: CXX_FEATURE:0cxx_binary_literals
    Feature record: CXX_FEATURE:1cxx_constexpr
    Feature record: CXX_FEATURE:0cxx_contextual_conversions
    Feature record: CXX_FEATURE:1cxx_decltype
    Feature record: CXX_FEATURE:0cxx_decltype_auto
    Feature record: CXX_FEATURE:1cxx_decltype_incomplete_return_types
    Feature record: CXX_FEATURE:1cxx_default_function_template_args
    Feature record: CXX_FEATURE:1cxx_defaulted_functions
    Feature record: CXX_FEATURE:1cxx_defaulted_move_initializers
    Feature record: CXX_FEATURE:1cxx_delegating_constructors
    Feature record: CXX_FEATURE:1cxx_deleted_functions
    Feature record: CXX_FEATURE:0cxx_digit_separators
    Feature record: CXX_FEATURE:1cxx_enum_forward_declarations
    Feature record: CXX_FEATURE:1cxx_explicit_conversions
    Feature record: CXX_FEATURE:1cxx_extended_friend_declarations
    Feature record: CXX_FEATURE:1cxx_extern_templates
    Feature record: CXX_FEATURE:1cxx_final
    Feature record: CXX_FEATURE:1cxx_func_identifier
    Feature record: CXX_FEATURE:1cxx_generalized_initializers
    Feature record: CXX_FEATURE:0cxx_generic_lambdas
    Feature record: CXX_FEATURE:1cxx_inheriting_constructors
    Feature record: CXX_FEATURE:1cxx_inline_namespaces
    Feature record: CXX_FEATURE:1cxx_lambdas
    Feature record: CXX_FEATURE:0cxx_lambda_init_captures
    Feature record: CXX_FEATURE:1cxx_local_type_template_args
    Feature record: CXX_FEATURE:1cxx_long_long_type
    Feature record: CXX_FEATURE:1cxx_noexcept
    Feature record: CXX_FEATURE:1cxx_nonstatic_member_init
    Feature record: CXX_FEATURE:1cxx_nullptr
    Feature record: CXX_FEATURE:1cxx_override
    Feature record: CXX_FEATURE:1cxx_range_for
    Feature record: CXX_FEATURE:1cxx_raw_string_literals
    Feature record: CXX_FEATURE:1cxx_reference_qualified_functions
    Feature record: CXX_FEATURE:0cxx_relaxed_constexpr
    Feature record: CXX_FEATURE:0cxx_return_type_deduction
    Feature record: CXX_FEATURE:1cxx_right_angle_brackets
    Feature record: CXX_FEATURE:1cxx_rvalue_references
    Feature record: CXX_FEATURE:1cxx_sizeof_member
    Feature record: CXX_FEATURE:1cxx_static_assert
    Feature record: CXX_FEATURE:1cxx_strong_enums
    Feature record: CXX_FEATURE:1cxx_template_template_parameters
    Feature record: CXX_FEATURE:1cxx_thread_local
    Feature record: CXX_FEATURE:1cxx_trailing_return_types
    Feature record: CXX_FEATURE:1cxx_unicode_literals
    Feature record: CXX_FEATURE:1cxx_uniform_initialization
    Feature record: CXX_FEATURE:1cxx_unrestricted_unions
    Feature record: CXX_FEATURE:1cxx_user_literals
    Feature record: CXX_FEATURE:0cxx_variable_templates
    Feature record: CXX_FEATURE:1cxx_variadic_macros
    Feature record: CXX_FEATURE:1cxx_variadic_templates


Detecting CXX [-std=c++11] compiler features compiled with the following output:
Change Dir: /home/victor/libs/PCL/PCL-src/Android/apps/android/android_dependencies/android-cmake/common-libs/eigen/eigen-android/build/CMakeFiles/CMakeTmp

Run Build Command:"/usr/bin/make" "cmTryCompileExec4093012056/fast"
/usr/bin/make -f CMakeFiles/cmTryCompileExec4093012056.dir/build.make CMakeFiles/cmTryCompileExec4093012056.dir/build
make[1]: Entering directory `/home/victor/libs/PCL/PCL-src/Android/apps/android/android_dependencies/android-cmake/common-libs/eigen/eigen-android/build/CMakeFiles/CMakeTmp'
/usr/bin/cmake -E cmake_progress_report /home/victor/libs/PCL/PCL-src/Android/apps/android/android_dependencies/android-cmake/common-libs/eigen/eigen-android/build/CMakeFiles/CMakeTmp/CMakeFiles 1
Building CXX object CMakeFiles/cmTryCompileExec4093012056.dir/feature_tests.cxx.o
/usr/bin/c++    -std=c++11 -o CMakeFiles/cmTryCompileExec4093012056.dir/feature_tests.cxx.o -c /home/victor/libs/PCL/PCL-src/Android/apps/android/android_dependencies/android-cmake/common-libs/eigen/eigen-android/build/CMakeFiles/feature_tests.cxx
Linking CXX executable cmTryCompileExec4093012056
/usr/bin/cmake -E cmake_link_script CMakeFiles/cmTryCompileExec4093012056.dir/link.txt --verbose=1
/usr/bin/c++        CMakeFiles/cmTryCompileExec4093012056.dir/feature_tests.cxx.o  -o cmTryCompileExec4093012056 -rdynamic 
make[1]: Leaving directory `/home/victor/libs/PCL/PCL-src/Android/apps/android/android_dependencies/android-cmake/common-libs/eigen/eigen-android/build/CMakeFiles/CMakeTmp'


    Feature record: CXX_FEATURE:0cxx_aggregate_default_initializers
    Feature record: CXX_FEATURE:1cxx_alias_templates
    Feature record: CXX_FEATURE:1cxx_alignas
    Feature record: CXX_FEATURE:1cxx_alignof
    Feature record: CXX_FEATURE:1cxx_attributes
    Feature record: CXX_FEATURE:0cxx_attribute_deprecated
    Feature record: CXX_FEATURE:1cxx_auto_type
    Feature record: CXX_FEATURE:0cxx_binary_literals
    Feature record: CXX_FEATURE:1cxx_constexpr
    Feature record: CXX_FEATURE:0cxx_contextual_conversions
    Feature record: CXX_FEATURE:1cxx_decltype
    Feature record: CXX_FEATURE:0cxx_decltype_auto
    Feature record: CXX_FEATURE:1cxx_decltype_incomplete_return_types
    Feature record: CXX_FEATURE:1cxx_default_function_template_args
    Feature record: CXX_FEATURE:1cxx_defaulted_functions
    Feature record: CXX_FEATURE:1cxx_defaulted_move_initializers
    Feature record: CXX_FEATURE:1cxx_delegating_constructors
    Feature record: CXX_FEATURE:1cxx_deleted_functions
    Feature record: CXX_FEATURE:0cxx_digit_separators
    Feature record: CXX_FEATURE:1cxx_enum_forward_declarations
    Feature record: CXX_FEATURE:1cxx_explicit_conversions
    Feature record: CXX_FEATURE:1cxx_extended_friend_declarations
    Feature record: CXX_FEATURE:1cxx_extern_templates
    Feature record: CXX_FEATURE:1cxx_final
    Feature record: CXX_FEATURE:1cxx_func_identifier
    Feature record: CXX_FEATURE:1cxx_generalized_initializers
    Feature record: CXX_FEATURE:0cxx_generic_lambdas
    Feature record: CXX_FEATURE:1cxx_inheriting_constructors
    Feature record: CXX_FEATURE:1cxx_inline_namespaces
    Feature record: CXX_FEATURE:1cxx_lambdas
    Feature record: CXX_FEATURE:0cxx_lambda_init_captures
    Feature record: CXX_FEATURE:1cxx_local_type_template_args
    Feature record: CXX_FEATURE:1cxx_long_long_type
    Feature record: CXX_FEATURE:1cxx_noexcept
    Feature record: CXX_FEATURE:1cxx_nonstatic_member_init
    Feature record: CXX_FEATURE:1cxx_nullptr
    Feature record: CXX_FEATURE:1cxx_override
    Feature record: CXX_FEATURE:1cxx_range_for
    Feature record: CXX_FEATURE:1cxx_raw_string_literals
    Feature record: CXX_FEATURE:1cxx_reference_qualified_functions
    Feature record: CXX_FEATURE:0cxx_relaxed_constexpr
    Feature record: CXX_FEATURE:0cxx_return_type_deduction
    Feature record: CXX_FEATURE:1cxx_right_angle_brackets
    Feature record: CXX_FEATURE:1cxx_rvalue_references
    Feature record: CXX_FEATURE:1cxx_sizeof_member
    Feature record: CXX_FEATURE:1cxx_static_assert
    Feature record: CXX_FEATURE:1cxx_strong_enums
    Feature record: CXX_FEATURE:1cxx_template_template_parameters
    Feature record: CXX_FEATURE:1cxx_thread_local
    Feature record: CXX_FEATURE:1cxx_trailing_return_types
    Feature record: CXX_FEATURE:1cxx_unicode_literals
    Feature record: CXX_FEATURE:1cxx_uniform_initialization
    Feature record: CXX_FEATURE:1cxx_unrestricted_unions
    Feature record: CXX_FEATURE:1cxx_user_literals
    Feature record: CXX_FEATURE:0cxx_variable_templates
    Feature record: CXX_FEATURE:1cxx_variadic_macros
    Feature record: CXX_FEATURE:1cxx_variadic_templates


Detecting CXX [-std=c++98] compiler features compiled with the following output:
Change Dir: /home/victor/libs/PCL/PCL-src/Android/apps/android/android_dependencies/android-cmake/common-libs/eigen/eigen-android/build/CMakeFiles/CMakeTmp

Run Build Command:"/usr/bin/make" "cmTryCompileExec3867474809/fast"
/usr/bin/make -f CMakeFiles/cmTryCompileExec3867474809.dir/build.make CMakeFiles/cmTryCompileExec3867474809.dir/build
make[1]: Entering directory `/home/victor/libs/PCL/PCL-src/Android/apps/android/android_dependencies/android-cmake/common-libs/eigen/eigen-android/build/CMakeFiles/CMakeTmp'
/usr/bin/cmake -E cmake_progress_report /home/victor/libs/PCL/PCL-src/Android/apps/android/android_dependencies/android-cmake/common-libs/eigen/eigen-android/build/CMakeFiles/CMakeTmp/CMakeFiles 1
Building CXX object CMakeFiles/cmTryCompileExec3867474809.dir/feature_tests.cxx.o
/usr/bin/c++    -std=c++98 -o CMakeFiles/cmTryCompileExec3867474809.dir/feature_tests.cxx.o -c /home/victor/libs/PCL/PCL-src/Android/apps/android/android_dependencies/android-cmake/common-libs/eigen/eigen-android/build/CMakeFiles/feature_tests.cxx
Linking CXX executable cmTryCompileExec3867474809
/usr/bin/cmake -E cmake_link_script CMakeFiles/cmTryCompileExec3867474809.dir/link.txt --verbose=1
/usr/bin/c++        CMakeFiles/cmTryCompileExec3867474809.dir/feature_tests.cxx.o  -o cmTryCompileExec3867474809 -rdynamic 
make[1]: Leaving directory `/home/victor/libs/PCL/PCL-src/Android/apps/android/android_dependencies/android-cmake/common-libs/eigen/eigen-android/build/CMakeFiles/CMakeTmp'


    Feature record: CXX_FEATURE:0cxx_aggregate_default_initializers
    Feature record: CXX_FEATURE:0cxx_alias_templates
    Feature record: CXX_FEATURE:0cxx_alignas
    Feature record: CXX_FEATURE:0cxx_alignof
    Feature record: CXX_FEATURE:0cxx_attributes
    Feature record: CXX_FEATURE:0cxx_attribute_deprecated
    Feature record: CXX_FEATURE:0cxx_auto_type
    Feature record: CXX_FEATURE:0cxx_binary_literals
    Feature record: CXX_FEATURE:0cxx_constexpr
    Feature record: CXX_FEATURE:0cxx_contextual_conversions
    Feature record: CXX_FEATURE:0cxx_decltype
    Feature record: CXX_FEATURE:0cxx_decltype_auto
    Feature record: CXX_FEATURE:0cxx_decltype_incomplete_return_types
    Feature record: CXX_FEATURE:0cxx_default_function_template_args
    Feature record: CXX_FEATURE:0cxx_defaulted_functions
    Feature record: CXX_FEATURE:0cxx_defaulted_move_initializers
    Feature record: CXX_FEATURE:0cxx_delegating_constructors
    Feature record: CXX_FEATURE:0cxx_deleted_functions
    Feature record: CXX_FEATURE:0cxx_digit_separators
    Feature record: CXX_FEATURE:0cxx_enum_forward_declarations
    Feature record: CXX_FEATURE:0cxx_explicit_conversions
    Feature record: CXX_FEATURE:0cxx_extended_friend_declarations
    Feature record: CXX_FEATURE:0cxx_extern_templates
    Feature record: CXX_FEATURE:0cxx_final
    Feature record: CXX_FEATURE:0cxx_func_identifier
    Feature record: CXX_FEATURE:0cxx_generalized_initializers
    Feature record: CXX_FEATURE:0cxx_generic_lambdas
    Feature record: CXX_FEATURE:0cxx_inheriting_constructors
    Feature record: CXX_FEATURE:0cxx_inline_namespaces
    Feature record: CXX_FEATURE:0cxx_lambdas
    Feature record: CXX_FEATURE:0cxx_lambda_init_captures
    Feature record: CXX_FEATURE:0cxx_local_type_template_args
    Feature record: CXX_FEATURE:0cxx_long_long_type
    Feature record: CXX_FEATURE:0cxx_noexcept
    Feature record: CXX_FEATURE:0cxx_nonstatic_member_init
    Feature record: CXX_FEATURE:0cxx_nullptr
    Feature record: CXX_FEATURE:0cxx_override
    Feature record: CXX_FEATURE:0cxx_range_for
    Feature record: CXX_FEATURE:0cxx_raw_string_literals
    Feature record: CXX_FEATURE:0cxx_reference_qualified_functions
    Feature record: CXX_FEATURE:0cxx_relaxed_constexpr
    Feature record: CXX_FEATURE:0cxx_return_type_deduction
    Feature record: CXX_FEATURE:0cxx_right_angle_brackets
    Feature record: CXX_FEATURE:0cxx_rvalue_references
    Feature record: CXX_FEATURE:0cxx_sizeof_member
    Feature record: CXX_FEATURE:0cxx_static_assert
    Feature record: CXX_FEATURE:0cxx_strong_enums
    Feature record: CXX_FEATURE:1cxx_template_template_parameters
    Feature record: CXX_FEATURE:0cxx_thread_local
    Feature record: CXX_FEATURE:0cxx_trailing_return_types
    Feature record: CXX_FEATURE:0cxx_unicode_literals
    Feature record: CXX_FEATURE:0cxx_uniform_initialization
    Feature record: CXX_FEATURE:0cxx_unrestricted_unions
    Feature record: CXX_FEATURE:0cxx_user_literals
    Feature record: CXX_FEATURE:0cxx_variable_templates
    Feature record: CXX_FEATURE:0cxx_variadic_macros
    Feature record: CXX_FEATURE:0cxx_variadic_templates
Performing C++ SOURCE FILE Test standard_math_library_linked_to_automatically succeded with the following output:
Change Dir: /home/victor/libs/PCL/PCL-src/Android/apps/android/android_dependencies/android-cmake/common-libs/eigen/eigen-android/build/CMakeFiles/CMakeTmp

Run Build Command:"/usr/bin/make" "cmTryCompileExec2160289191/fast"
/usr/bin/make -f CMakeFiles/cmTryCompileExec2160289191.dir/build.make CMakeFiles/cmTryCompileExec2160289191.dir/build
make[1]: Entering directory `/home/victor/libs/PCL/PCL-src/Android/apps/android/android_dependencies/android-cmake/common-libs/eigen/eigen-android/build/CMakeFiles/CMakeTmp'
/usr/bin/cmake -E cmake_progress_report /home/victor/libs/PCL/PCL-src/Android/apps/android/android_dependencies/android-cmake/common-libs/eigen/eigen-android/build/CMakeFiles/CMakeTmp/CMakeFiles 1
Building CXX object CMakeFiles/cmTryCompileExec2160289191.dir/src.cxx.o
/usr/bin/c++    -Dstandard_math_library_linked_to_automatically   -o CMakeFiles/cmTryCompileExec2160289191.dir/src.cxx.o -c /home/victor/libs/PCL/PCL-src/Android/apps/android/android_dependencies/android-cmake/common-libs/eigen/eigen-android/build/CMakeFiles/CMakeTmp/src.cxx
Linking CXX executable cmTryCompileExec2160289191
/usr/bin/cmake -E cmake_link_script CMakeFiles/cmTryCompileExec2160289191.dir/link.txt --verbose=1
/usr/bin/c++    -Dstandard_math_library_linked_to_automatically    CMakeFiles/cmTryCompileExec2160289191.dir/src.cxx.o  -o cmTryCompileExec2160289191 -rdynamic 
make[1]: Leaving directory `/home/victor/libs/PCL/PCL-src/Android/apps/android/android_dependencies/android-cmake/common-libs/eigen/eigen-android/build/CMakeFiles/CMakeTmp'

Source file was:
#include<cmath>
int main() { std::sin(0.0); std::log(0.0f); }
Performing C++ SOURCE FILE Test COMPILER_SUPPORT_WERROR succeded with the following output:
Change Dir: /home/victor/libs/PCL/PCL-src/Android/apps/android/android_dependencies/android-cmake/common-libs/eigen/eigen-android/build/CMakeFiles/CMakeTmp

Run Build Command:"/usr/bin/make" "cmTryCompileExec3421855626/fast"
/usr/bin/make -f CMakeFiles/cmTryCompileExec3421855626.dir/build.make CMakeFiles/cmTryCompileExec3421855626.dir/build
make[1]: Entering directory `/home/victor/libs/PCL/PCL-src/Android/apps/android/android_dependencies/android-cmake/common-libs/eigen/eigen-android/build/CMakeFiles/CMakeTmp'
/usr/bin/cmake -E cmake_progress_report /home/victor/libs/PCL/PCL-src/Android/apps/android/android_dependencies/android-cmake/common-libs/eigen/eigen-android/build/CMakeFiles/CMakeTmp/CMakeFiles 1
Building CXX object CMakeFiles/cmTryCompileExec3421855626.dir/src.cxx.o
/usr/bin/c++    -DCOMPILER_SUPPORT_WERROR   -Werror -o CMakeFiles/cmTryCompileExec3421855626.dir/src.cxx.o -c /home/victor/libs/PCL/PCL-src/Android/apps/android/android_dependencies/android-cmake/common-libs/eigen/eigen-android/build/CMakeFiles/CMakeTmp/src.cxx
Linking CXX executable cmTryCompileExec3421855626
/usr/bin/cmake -E cmake_link_script CMakeFiles/cmTryCompileExec3421855626.dir/link.txt --verbose=1
/usr/bin/c++    -DCOMPILER_SUPPORT_WERROR    CMakeFiles/cmTryCompileExec3421855626.dir/src.cxx.o  -o cmTryCompileExec3421855626 -rdynamic 
make[1]: Leaving directory `/home/victor/libs/PCL/PCL-src/Android/apps/android/android_dependencies/android-cmake/common-libs/eigen/eigen-android/build/CMakeFiles/CMakeTmp'

Source file was:
int main() { return 0; }
Performing C++ SOURCE FILE Test COMPILER_SUPPORT_pedantic succeded with the following output:
Change Dir: /home/victor/libs/PCL/PCL-src/Android/apps/android/android_dependencies/android-cmake/common-libs/eigen/eigen-android/build/CMakeFiles/CMakeTmp

Run Build Command:"/usr/bin/make" "cmTryCompileExec830158431/fast"
/usr/bin/make -f CMakeFiles/cmTryCompileExec830158431.dir/build.make CMakeFiles/cmTryCompileExec830158431.dir/build
make[1]: Entering directory `/home/victor/libs/PCL/PCL-src/Android/apps/android/android_dependencies/android-cmake/common-libs/eigen/eigen-android/build/CMakeFiles/CMakeTmp'
/usr/bin/cmake -E cmake_progress_report /home/victor/libs/PCL/PCL-src/Android/apps/android/android_dependencies/android-cmake/common-libs/eigen/eigen-android/build/CMakeFiles/CMakeTmp/CMakeFiles 1
Building CXX object CMakeFiles/cmTryCompileExec830158431.dir/src.cxx.o
/usr/bin/c++    -DCOMPILER_SUPPORT_pedantic -Werror   -pedantic -o CMakeFiles/cmTryCompileExec830158431.dir/src.cxx.o -c /home/victor/libs/PCL/PCL-src/Android/apps/android/android_dependencies/android-cmake/common-libs/eigen/eigen-android/build/CMakeFiles/CMakeTmp/src.cxx
Linking CXX executable cmTryCompileExec830158431
/usr/bin/cmake -E cmake_link_script CMakeFiles/cmTryCompileExec830158431.dir/link.txt --verbose=1
/usr/bin/c++    -DCOMPILER_SUPPORT_pedantic -Werror    CMakeFiles/cmTryCompileExec830158431.dir/src.cxx.o  -o cmTryCompileExec830158431 -rdynamic 
make[1]: Leaving directory `/home/victor/libs/PCL/PCL-src/Android/apps/android/android_dependencies/android-cmake/common-libs/eigen/eigen-android/build/CMakeFiles/CMakeTmp'

Source file was:
int main() { return 0; }
Performing C++ SOURCE FILE Test COMPILER_SUPPORT_Wall succeded with the following output:
Change Dir: /home/victor/libs/PCL/PCL-src/Android/apps/android/android_dependencies/android-cmake/common-libs/eigen/eigen-android/build/CMakeFiles/CMakeTmp

Run Build Command:"/usr/bin/make" "cmTryCompileExec720288320/fast"
/usr/bin/make -f CMakeFiles/cmTryCompileExec720288320.dir/build.make CMakeFiles/cmTryCompileExec720288320.dir/build
make[1]: Entering directory `/home/victor/libs/PCL/PCL-src/Android/apps/android/android_dependencies/android-cmake/common-libs/eigen/eigen-android/build/CMakeFiles/CMakeTmp'
/usr/bin/cmake -E cmake_progress_report /home/victor/libs/PCL/PCL-src/Android/apps/android/android_dependencies/android-cmake/common-libs/eigen/eigen-android/build/CMakeFiles/CMakeTmp/CMakeFiles 1
Building CXX object CMakeFiles/cmTryCompileExec720288320.dir/src.cxx.o
/usr/bin/c++    -pedantic -DCOMPILER_SUPPORT_Wall -Werror   -Wall -o CMakeFiles/cmTryCompileExec720288320.dir/src.cxx.o -c /home/victor/libs/PCL/PCL-src/Android/apps/android/android_dependencies/android-cmake/common-libs/eigen/eigen-android/build/CMakeFiles/CMakeTmp/src.cxx
Linking CXX executable cmTryCompileExec720288320
/usr/bin/cmake -E cmake_link_script CMakeFiles/cmTryCompileExec720288320.dir/link.txt --verbose=1
/usr/bin/c++    -pedantic -DCOMPILER_SUPPORT_Wall -Werror    CMakeFiles/cmTryCompileExec720288320.dir/src.cxx.o  -o cmTryCompileExec720288320 -rdynamic 
make[1]: Leaving directory `/home/victor/libs/PCL/PCL-src/Android/apps/android/android_dependencies/android-cmake/common-libs/eigen/eigen-android/build/CMakeFiles/CMakeTmp'

Source file was:
int main() { return 0; }
Performing C++ SOURCE FILE Test COMPILER_SUPPORT_Wextra succeded with the following output:
Change Dir: /home/victor/libs/PCL/PCL-src/Android/apps/android/android_dependencies/android-cmake/common-libs/eigen/eigen-android/build/CMakeFiles/CMakeTmp

Run Build Command:"/usr/bin/make" "cmTryCompileExec2393590358/fast"
/usr/bin/make -f CMakeFiles/cmTryCompileExec2393590358.dir/build.make CMakeFiles/cmTryCompileExec2393590358.dir/build
make[1]: Entering directory `/home/victor/libs/PCL/PCL-src/Android/apps/android/android_dependencies/android-cmake/common-libs/eigen/eigen-android/build/CMakeFiles/CMakeTmp'
/usr/bin/cmake -E cmake_progress_report /home/victor/libs/PCL/PCL-src/Android/apps/android/android_dependencies/android-cmake/common-libs/eigen/eigen-android/build/CMakeFiles/CMakeTmp/CMakeFiles 1
Building CXX object CMakeFiles/cmTryCompileExec2393590358.dir/src.cxx.o
/usr/bin/c++    -pedantic -Wall -DCOMPILER_SUPPORT_Wextra -Werror   -Wextra -o CMakeFiles/cmTryCompileExec2393590358.dir/src.cxx.o -c /home/victor/libs/PCL/PCL-src/Android/apps/android/android_dependencies/android-cmake/common-libs/eigen/eigen-android/build/CMakeFiles/CMakeTmp/src.cxx
Linking CXX executable cmTryCompileExec2393590358
/usr/bin/cmake -E cmake_link_script CMakeFiles/cmTryCompileExec2393590358.dir/link.txt --verbose=1
/usr/bin/c++    -pedantic -Wall -DCOMPILER_SUPPORT_Wextra -Werror    CMakeFiles/cmTryCompileExec2393590358.dir/src.cxx.o  -o cmTryCompileExec2393590358 -rdynamic 
make[1]: Leaving directory `/home/victor/libs/PCL/PCL-src/Android/apps/android/android_dependencies/android-cmake/common-libs/eigen/eigen-android/build/CMakeFiles/CMakeTmp'

Source file was:
int main() { return 0; }
Performing C++ SOURCE FILE Test COMPILER_SUPPORT_Wundef succeded with the following output:
Change Dir: /home/victor/libs/PCL/PCL-src/Android/apps/android/android_dependencies/android-cmake/common-libs/eigen/eigen-android/build/CMakeFiles/CMakeTmp

Run Build Command:"/usr/bin/make" "cmTryCompileExec529429926/fast"
/usr/bin/make -f CMakeFiles/cmTryCompileExec529429926.dir/build.make CMakeFiles/cmTryCompileExec529429926.dir/build
make[1]: Entering directory `/home/victor/libs/PCL/PCL-src/Android/apps/android/android_dependencies/android-cmake/common-libs/eigen/eigen-android/build/CMakeFiles/CMakeTmp'
/usr/bin/cmake -E cmake_progress_report /home/victor/libs/PCL/PCL-src/Android/apps/android/android_dependencies/android-cmake/common-libs/eigen/eigen-android/build/CMakeFiles/CMakeTmp/CMakeFiles 1
Building CXX object CMakeFiles/cmTryCompileExec529429926.dir/src.cxx.o
/usr/bin/c++    -pedantic -Wall -Wextra -DCOMPILER_SUPPORT_Wundef -Werror   -Wundef -o CMakeFiles/cmTryCompileExec529429926.dir/src.cxx.o -c /home/victor/libs/PCL/PCL-src/Android/apps/android/android_dependencies/android-cmake/common-libs/eigen/eigen-android/build/CMakeFiles/CMakeTmp/src.cxx
Linking CXX executable cmTryCompileExec529429926
/usr/bin/cmake -E cmake_link_script CMakeFiles/cmTryCompileExec529429926.dir/link.txt --verbose=1
/usr/bin/c++    -pedantic -Wall -Wextra -DCOMPILER_SUPPORT_Wundef -Werror    CMakeFiles/cmTryCompileExec529429926.dir/src.cxx.o  -o cmTryCompileExec529429926 -rdynamic 
make[1]: Leaving directory `/home/victor/libs/PCL/PCL-src/Android/apps/android/android_dependencies/android-cmake/common-libs/eigen/eigen-android/build/CMakeFiles/CMakeTmp'

Source file was:
int main() { return 0; }
Performing C++ SOURCE FILE Test COMPILER_SUPPORT_Wcastalign succeded with the following output:
Change Dir: /home/victor/libs/PCL/PCL-src/Android/apps/android/android_dependencies/android-cmake/common-libs/eigen/eigen-android/build/CMakeFiles/CMakeTmp

Run Build Command:"/usr/bin/make" "cmTryCompileExec2324680112/fast"
/usr/bin/make -f CMakeFiles/cmTryCompileExec2324680112.dir/build.make CMakeFiles/cmTryCompileExec2324680112.dir/build
make[1]: Entering directory `/home/victor/libs/PCL/PCL-src/Android/apps/android/android_dependencies/android-cmake/common-libs/eigen/eigen-android/build/CMakeFiles/CMakeTmp'
/usr/bin/cmake -E cmake_progress_report /home/victor/libs/PCL/PCL-src/Android/apps/android/android_dependencies/android-cmake/common-libs/eigen/eigen-android/build/CMakeFiles/CMakeTmp/CMakeFiles 1
Building CXX object CMakeFiles/cmTryCompileExec2324680112.dir/src.cxx.o
/usr/bin/c++    -pedantic -Wall -Wextra -Wundef -DCOMPILER_SUPPORT_Wcastalign -Werror   -Wcast-align -o CMakeFiles/cmTryCompileExec2324680112.dir/src.cxx.o -c /home/victor/libs/PCL/PCL-src/Android/apps/android/android_dependencies/android-cmake/common-libs/eigen/eigen-android/build/CMakeFiles/CMakeTmp/src.cxx
Linking CXX executable cmTryCompileExec2324680112
/usr/bin/cmake -E cmake_link_script CMakeFiles/cmTryCompileExec2324680112.dir/link.txt --verbose=1
/usr/bin/c++    -pedantic -Wall -Wextra -Wundef -DCOMPILER_SUPPORT_Wcastalign -Werror    CMakeFiles/cmTryCompileExec2324680112.dir/src.cxx.o  -o cmTryCompileExec2324680112 -rdynamic 
make[1]: Leaving directory `/home/victor/libs/PCL/PCL-src/Android/apps/android/android_dependencies/android-cmake/common-libs/eigen/eigen-android/build/CMakeFiles/CMakeTmp'

Source file was:
int main() { return 0; }
Performing C++ SOURCE FILE Test COMPILER_SUPPORT_Wcharsubscripts succeded with the following output:
Change Dir: /home/victor/libs/PCL/PCL-src/Android/apps/android/android_dependencies/android-cmake/common-libs/eigen/eigen-android/build/CMakeFiles/CMakeTmp

Run Build Command:"/usr/bin/make" "cmTryCompileExec2568967531/fast"
/usr/bin/make -f CMakeFiles/cmTryCompileExec2568967531.dir/build.make CMakeFiles/cmTryCompileExec2568967531.dir/build
make[1]: Entering directory `/home/victor/libs/PCL/PCL-src/Android/apps/android/android_dependencies/android-cmake/common-libs/eigen/eigen-android/build/CMakeFiles/CMakeTmp'
/usr/bin/cmake -E cmake_progress_report /home/victor/libs/PCL/PCL-src/Android/apps/android/android_dependencies/android-cmake/common-libs/eigen/eigen-android/build/CMakeFiles/CMakeTmp/CMakeFiles 1
Building CXX object CMakeFiles/cmTryCompileExec2568967531.dir/src.cxx.o
/usr/bin/c++    -pedantic -Wall -Wextra -Wundef -Wcast-align -DCOMPILER_SUPPORT_Wcharsubscripts -Werror   -Wchar-subscripts -o CMakeFiles/cmTryCompileExec2568967531.dir/src.cxx.o -c /home/victor/libs/PCL/PCL-src/Android/apps/android/android_dependencies/android-cmake/common-libs/eigen/eigen-android/build/CMakeFiles/CMakeTmp/src.cxx
Linking CXX executable cmTryCompileExec2568967531
/usr/bin/cmake -E cmake_link_script CMakeFiles/cmTryCompileExec2568967531.dir/link.txt --verbose=1
/usr/bin/c++    -pedantic -Wall -Wextra -Wundef -Wcast-align -DCOMPILER_SUPPORT_Wcharsubscripts -Werror    CMakeFiles/cmTryCompileExec2568967531.dir/src.cxx.o  -o cmTryCompileExec2568967531 -rdynamic 
make[1]: Leaving directory `/home/victor/libs/PCL/PCL-src/Android/apps/android/android_dependencies/android-cmake/common-libs/eigen/eigen-android/build/CMakeFiles/CMakeTmp'

Source file was:
int main() { return 0; }
Performing C++ SOURCE FILE Test COMPILER_SUPPORT_Wnonvirtualdtor succeded with the following output:
Change Dir: /home/victor/libs/PCL/PCL-src/Android/apps/android/android_dependencies/android-cmake/common-libs/eigen/eigen-android/build/CMakeFiles/CMakeTmp

Run Build Command:"/usr/bin/make" "cmTryCompileExec2627707300/fast"
/usr/bin/make -f CMakeFiles/cmTryCompileExec2627707300.dir/build.make CMakeFiles/cmTryCompileExec2627707300.dir/build
make[1]: Entering directory `/home/victor/libs/PCL/PCL-src/Android/apps/android/android_dependencies/android-cmake/common-libs/eigen/eigen-android/build/CMakeFiles/CMakeTmp'
/usr/bin/cmake -E cmake_progress_report /home/victor/libs/PCL/PCL-src/Android/apps/android/android_dependencies/android-cmake/common-libs/eigen/eigen-android/build/CMakeFiles/CMakeTmp/CMakeFiles 1
Building CXX object CMakeFiles/cmTryCompileExec2627707300.dir/src.cxx.o
/usr/bin/c++    -pedantic -Wall -Wextra -Wundef -Wcast-align -Wchar-subscripts -DCOMPILER_SUPPORT_Wnonvirtualdtor -Werror   -Wnon-virtual-dtor -o CMakeFiles/cmTryCompileExec2627707300.dir/src.cxx.o -c /home/victor/libs/PCL/PCL-src/Android/apps/android/android_dependencies/android-cmake/common-libs/eigen/eigen-android/build/CMakeFiles/CMakeTmp/src.cxx
Linking CXX executable cmTryCompileExec2627707300
/usr/bin/cmake -E cmake_link_script CMakeFiles/cmTryCompileExec2627707300.dir/link.txt --verbose=1
/usr/bin/c++    -pedantic -Wall -Wextra -Wundef -Wcast-align -Wchar-subscripts -DCOMPILER_SUPPORT_Wnonvirtualdtor -Werror    CMakeFiles/cmTryCompileExec2627707300.dir/src.cxx.o  -o cmTryCompileExec2627707300 -rdynamic 
make[1]: Leaving directory `/home/victor/libs/PCL/PCL-src/Android/apps/android/android_dependencies/android-cmake/common-libs/eigen/eigen-android/build/CMakeFiles/CMakeTmp'

Source file was:
int main() { return 0; }
Performing C++ SOURCE FILE Test COMPILER_SUPPORT_Wunusedlocaltypedefs succeded with the following output:
Change Dir: /home/victor/libs/PCL/PCL-src/Android/apps/android/android_dependencies/android-cmake/common-libs/eigen/eigen-android/build/CMakeFiles/CMakeTmp

Run Build Command:"/usr/bin/make" "cmTryCompileExec3703740828/fast"
/usr/bin/make -f CMakeFiles/cmTryCompileExec3703740828.dir/build.make CMakeFiles/cmTryCompileExec3703740828.dir/build
make[1]: Entering directory `/home/victor/libs/PCL/PCL-src/Android/apps/android/android_dependencies/android-cmake/common-libs/eigen/eigen-android/build/CMakeFiles/CMakeTmp'
/usr/bin/cmake -E cmake_progress_report /home/victor/libs/PCL/PCL-src/Android/apps/android/android_dependencies/android-cmake/common-libs/eigen/eigen-android/build/CMakeFiles/CMakeTmp/CMakeFiles 1
Building CXX object CMakeFiles/cmTryCompileExec3703740828.dir/src.cxx.o
/usr/bin/c++    -pedantic -Wall -Wextra -Wundef -Wcast-align -Wchar-subscripts -Wnon-virtual-dtor -DCOMPILER_SUPPORT_Wunusedlocaltypedefs -Werror   -Wunused-local-typedefs -o CMakeFiles/cmTryCompileExec3703740828.dir/src.cxx.o -c /home/victor/libs/PCL/PCL-src/Android/apps/android/android_dependencies/android-cmake/common-libs/eigen/eigen-android/build/CMakeFiles/CMakeTmp/src.cxx
Linking CXX executable cmTryCompileExec3703740828
/usr/bin/cmake -E cmake_link_script CMakeFiles/cmTryCompileExec3703740828.dir/link.txt --verbose=1
/usr/bin/c++    -pedantic -Wall -Wextra -Wundef -Wcast-align -Wchar-subscripts -Wnon-virtual-dtor -DCOMPILER_SUPPORT_Wunusedlocaltypedefs -Werror    CMakeFiles/cmTryCompileExec3703740828.dir/src.cxx.o  -o cmTryCompileExec3703740828 -rdynamic 
make[1]: Leaving directory `/home/victor/libs/PCL/PCL-src/Android/apps/android/android_dependencies/android-cmake/common-libs/eigen/eigen-android/build/CMakeFiles/CMakeTmp'

Source file was:
int main() { return 0; }
Performing C++ SOURCE FILE Test COMPILER_SUPPORT_Wpointerarith succeded with the following output:
Change Dir: /home/victor/libs/PCL/PCL-src/Android/apps/android/android_dependencies/android-cmake/common-libs/eigen/eigen-android/build/CMakeFiles/CMakeTmp

Run Build Command:"/usr/bin/make" "cmTryCompileExec3279592945/fast"
/usr/bin/make -f CMakeFiles/cmTryCompileExec3279592945.dir/build.make CMakeFiles/cmTryCompileExec3279592945.dir/build
make[1]: Entering directory `/home/victor/libs/PCL/PCL-src/Android/apps/android/android_dependencies/android-cmake/common-libs/eigen/eigen-android/build/CMakeFiles/CMakeTmp'
/usr/bin/cmake -E cmake_progress_report /home/victor/libs/PCL/PCL-src/Android/apps/android/android_dependencies/android-cmake/common-libs/eigen/eigen-android/build/CMakeFiles/CMakeTmp/CMakeFiles 1
Building CXX object CMakeFiles/cmTryCompileExec3279592945.dir/src.cxx.o
/usr/bin/c++    -pedantic -Wall -Wextra -Wundef -Wcast-align -Wchar-subscripts -Wnon-virtual-dtor -Wunused-local-typedefs -DCOMPILER_SUPPORT_Wpointerarith -Werror   -Wpointer-arith -o CMakeFiles/cmTryCompileExec3279592945.dir/src.cxx.o -c /home/victor/libs/PCL/PCL-src/Android/apps/android/android_dependencies/android-cmake/common-libs/eigen/eigen-android/build/CMakeFiles/CMakeTmp/src.cxx
Linking CXX executable cmTryCompileExec3279592945
/usr/bin/cmake -E cmake_link_script CMakeFiles/cmTryCompileExec3279592945.dir/link.txt --verbose=1
/usr/bin/c++    -pedantic -Wall -Wextra -Wundef -Wcast-align -Wchar-subscripts -Wnon-virtual-dtor -Wunused-local-typedefs -DCOMPILER_SUPPORT_Wpointerarith -Werror    CMakeFiles/cmTryCompileExec3279592945.dir/src.cxx.o  -o cmTryCompileExec3279592945 -rdynamic 
make[1]: Leaving directory `/home/victor/libs/PCL/PCL-src/Android/apps/android/android_dependencies/android-cmake/common-libs/eigen/eigen-android/build/CMakeFiles/CMakeTmp'

Source file was:
int main() { return 0; }
Performing C++ SOURCE FILE Test COMPILER_SUPPORT_Wwritestrings succeded with the following output:
Change Dir: /home/victor/libs/PCL/PCL-src/Android/apps/android/android_dependencies/android-cmake/common-libs/eigen/eigen-android/build/CMakeFiles/CMakeTmp

Run Build Command:"/usr/bin/make" "cmTryCompileExec3338446541/fast"
/usr/bin/make -f CMakeFiles/cmTryCompileExec3338446541.dir/build.make CMakeFiles/cmTryCompileExec3338446541.dir/build
make[1]: Entering directory `/home/victor/libs/PCL/PCL-src/Android/apps/android/android_dependencies/android-cmake/common-libs/eigen/eigen-android/build/CMakeFiles/CMakeTmp'
/usr/bin/cmake -E cmake_progress_report /home/victor/libs/PCL/PCL-src/Android/apps/android/android_dependencies/android-cmake/common-libs/eigen/eigen-android/build/CMakeFiles/CMakeTmp/CMakeFiles 1
Building CXX object CMakeFiles/cmTryCompileExec3338446541.dir/src.cxx.o
/usr/bin/c++    -pedantic -Wall -Wextra -Wundef -Wcast-align -Wchar-subscripts -Wnon-virtual-dtor -Wunused-local-typedefs -Wpointer-arith -DCOMPILER_SUPPORT_Wwritestrings -Werror   -Wwrite-strings -o CMakeFiles/cmTryCompileExec3338446541.dir/src.cxx.o -c /home/victor/libs/PCL/PCL-src/Android/apps/android/android_dependencies/android-cmake/common-libs/eigen/eigen-android/build/CMakeFiles/CMakeTmp/src.cxx
Linking CXX executable cmTryCompileExec3338446541
/usr/bin/cmake -E cmake_link_script CMakeFiles/cmTryCompileExec3338446541.dir/link.txt --verbose=1
/usr/bin/c++    -pedantic -Wall -Wextra -Wundef -Wcast-align -Wchar-subscripts -Wnon-virtual-dtor -Wunused-local-typedefs -Wpointer-arith -DCOMPILER_SUPPORT_Wwritestrings -Werror    CMakeFiles/cmTryCompileExec3338446541.dir/src.cxx.o  -o cmTryCompileExec3338446541 -rdynamic 
make[1]: Leaving directory `/home/victor/libs/PCL/PCL-src/Android/apps/android/android_dependencies/android-cmake/common-libs/eigen/eigen-android/build/CMakeFiles/CMakeTmp'

Source file was:
int main() { return 0; }
Performing C++ SOURCE FILE Test COMPILER_SUPPORT_Wformatsecurity succeded with the following output:
Change Dir: /home/victor/libs/PCL/PCL-src/Android/apps/android/android_dependencies/android-cmake/common-libs/eigen/eigen-android/build/CMakeFiles/CMakeTmp

Run Build Command:"/usr/bin/make" "cmTryCompileExec1919793059/fast"
/usr/bin/make -f CMakeFiles/cmTryCompileExec1919793059.dir/build.make CMakeFiles/cmTryCompileExec1919793059.dir/build
make[1]: Entering directory `/home/victor/libs/PCL/PCL-src/Android/apps/android/android_dependencies/android-cmake/common-libs/eigen/eigen-android/build/CMakeFiles/CMakeTmp'
/usr/bin/cmake -E cmake_progress_report /home/victor/libs/PCL/PCL-src/Android/apps/android/android_dependencies/android-cmake/common-libs/eigen/eigen-android/build/CMakeFiles/CMakeTmp/CMakeFiles 1
Building CXX object CMakeFiles/cmTryCompileExec1919793059.dir/src.cxx.o
/usr/bin/c++    -pedantic -Wall -Wextra -Wundef -Wcast-align -Wchar-subscripts -Wnon-virtual-dtor -Wunused-local-typedefs -Wpointer-arith -Wwrite-strings -DCOMPILER_SUPPORT_Wformatsecurity -Werror   -Wformat-security -o CMakeFiles/cmTryCompileExec1919793059.dir/src.cxx.o -c /home/victor/libs/PCL/PCL-src/Android/apps/android/android_dependencies/android-cmake/common-libs/eigen/eigen-android/build/CMakeFiles/CMakeTmp/src.cxx
Linking CXX executable cmTryCompileExec1919793059
/usr/bin/cmake -E cmake_link_script CMakeFiles/cmTryCompileExec1919793059.dir/link.txt --verbose=1
/usr/bin/c++    -pedantic -Wall -Wextra -Wundef -Wcast-align -Wchar-subscripts -Wnon-virtual-dtor -Wunused-local-typedefs -Wpointer-arith -Wwrite-strings -DCOMPILER_SUPPORT_Wformatsecurity -Werror    CMakeFiles/cmTryCompileExec1919793059.dir/src.cxx.o  -o cmTryCompileExec1919793059 -rdynamic 
make[1]: Leaving directory `/home/victor/libs/PCL/PCL-src/Android/apps/android/android_dependencies/android-cmake/common-libs/eigen/eigen-android/build/CMakeFiles/CMakeTmp'

Source file was:
int main() { return 0; }
Performing C++ SOURCE FILE Test COMPILER_SUPPORT_Wnopsabi succeded with the following output:
Change Dir: /home/victor/libs/PCL/PCL-src/Android/apps/android/android_dependencies/android-cmake/common-libs/eigen/eigen-android/build/CMakeFiles/CMakeTmp

Run Build Command:"/usr/bin/make" "cmTryCompileExec3006846473/fast"
/usr/bin/make -f CMakeFiles/cmTryCompileExec3006846473.dir/build.make CMakeFiles/cmTryCompileExec3006846473.dir/build
make[1]: Entering directory `/home/victor/libs/PCL/PCL-src/Android/apps/android/android_dependencies/android-cmake/common-libs/eigen/eigen-android/build/CMakeFiles/CMakeTmp'
/usr/bin/cmake -E cmake_progress_report /home/victor/libs/PCL/PCL-src/Android/apps/android/android_dependencies/android-cmake/common-libs/eigen/eigen-android/build/CMakeFiles/CMakeTmp/CMakeFiles 1
Building CXX object CMakeFiles/cmTryCompileExec3006846473.dir/src.cxx.o
/usr/bin/c++    -pedantic -Wall -Wextra -Wundef -Wcast-align -Wchar-subscripts -Wnon-virtual-dtor -Wunused-local-typedefs -Wpointer-arith -Wwrite-strings -Wformat-security -DCOMPILER_SUPPORT_Wnopsabi -Werror   -Wno-psabi -o CMakeFiles/cmTryCompileExec3006846473.dir/src.cxx.o -c /home/victor/libs/PCL/PCL-src/Android/apps/android/android_dependencies/android-cmake/common-libs/eigen/eigen-android/build/CMakeFiles/CMakeTmp/src.cxx
Linking CXX executable cmTryCompileExec3006846473
/usr/bin/cmake -E cmake_link_script CMakeFiles/cmTryCompileExec3006846473.dir/link.txt --verbose=1
/usr/bin/c++    -pedantic -Wall -Wextra -Wundef -Wcast-align -Wchar-subscripts -Wnon-virtual-dtor -Wunused-local-typedefs -Wpointer-arith -Wwrite-strings -Wformat-security -DCOMPILER_SUPPORT_Wnopsabi -Werror    CMakeFiles/cmTryCompileExec3006846473.dir/src.cxx.o  -o cmTryCompileExec3006846473 -rdynamic 
make[1]: Leaving directory `/home/victor/libs/PCL/PCL-src/Android/apps/android/android_dependencies/android-cmake/common-libs/eigen/eigen-android/build/CMakeFiles/CMakeTmp'

Source file was:
int main() { return 0; }
Performing C++ SOURCE FILE Test COMPILER_SUPPORT_Wnovariadicmacros succeded with the following output:
Change Dir: /home/victor/libs/PCL/PCL-src/Android/apps/android/android_dependencies/android-cmake/common-libs/eigen/eigen-android/build/CMakeFiles/CMakeTmp

Run Build Command:"/usr/bin/make" "cmTryCompileExec3803450643/fast"
/usr/bin/make -f CMakeFiles/cmTryCompileExec3803450643.dir/build.make CMakeFiles/cmTryCompileExec3803450643.dir/build
make[1]: Entering directory `/home/victor/libs/PCL/PCL-src/Android/apps/android/android_dependencies/android-cmake/common-libs/eigen/eigen-android/build/CMakeFiles/CMakeTmp'
/usr/bin/cmake -E cmake_progress_report /home/victor/libs/PCL/PCL-src/Android/apps/android/android_dependencies/android-cmake/common-libs/eigen/eigen-android/build/CMakeFiles/CMakeTmp/CMakeFiles 1
Building CXX object CMakeFiles/cmTryCompileExec3803450643.dir/src.cxx.o
/usr/bin/c++    -pedantic -Wall -Wextra -Wundef -Wcast-align -Wchar-subscripts -Wnon-virtual-dtor -Wunused-local-typedefs -Wpointer-arith -Wwrite-strings -Wformat-security -Wno-psabi -DCOMPILER_SUPPORT_Wnovariadicmacros -Werror   -Wno-variadic-macros -o CMakeFiles/cmTryCompileExec3803450643.dir/src.cxx.o -c /home/victor/libs/PCL/PCL-src/Android/apps/android/android_dependencies/android-cmake/common-libs/eigen/eigen-android/build/CMakeFiles/CMakeTmp/src.cxx
Linking CXX executable cmTryCompileExec3803450643
/usr/bin/cmake -E cmake_link_script CMakeFiles/cmTryCompileExec3803450643.dir/link.txt --verbose=1
/usr/bin/c++    -pedantic -Wall -Wextra -Wundef -Wcast-align -Wchar-subscripts -Wnon-virtual-dtor -Wunused-local-typedefs -Wpointer-arith -Wwrite-strings -Wformat-security -Wno-psabi -DCOMPILER_SUPPORT_Wnovariadicmacros -Werror    CMakeFiles/cmTryCompileExec3803450643.dir/src.cxx.o  -o cmTryCompileExec3803450643 -rdynamic 
make[1]: Leaving directory `/home/victor/libs/PCL/PCL-src/Android/apps/android/android_dependencies/android-cmake/common-libs/eigen/eigen-android/build/CMakeFiles/CMakeTmp'

Source file was:
int main() { return 0; }
Performing C++ SOURCE FILE Test COMPILER_SUPPORT_Wnolonglong succeded with the following output:
Change Dir: /home/victor/libs/PCL/PCL-src/Android/apps/android/android_dependencies/android-cmake/common-libs/eigen/eigen-android/build/CMakeFiles/CMakeTmp

Run Build Command:"/usr/bin/make" "cmTryCompileExec104101244/fast"
/usr/bin/make -f CMakeFiles/cmTryCompileExec104101244.dir/build.make CMakeFiles/cmTryCompileExec104101244.dir/build
make[1]: Entering directory `/home/victor/libs/PCL/PCL-src/Android/apps/android/android_dependencies/android-cmake/common-libs/eigen/eigen-android/build/CMakeFiles/CMakeTmp'
/usr/bin/cmake -E cmake_progress_report /home/victor/libs/PCL/PCL-src/Android/apps/android/android_dependencies/android-cmake/common-libs/eigen/eigen-android/build/CMakeFiles/CMakeTmp/CMakeFiles 1
Building CXX object CMakeFiles/cmTryCompileExec104101244.dir/src.cxx.o
/usr/bin/c++    -pedantic -Wall -Wextra -Wundef -Wcast-align -Wchar-subscripts -Wnon-virtual-dtor -Wunused-local-typedefs -Wpointer-arith -Wwrite-strings -Wformat-security -Wno-psabi -Wno-variadic-macros -DCOMPILER_SUPPORT_Wnolonglong -Werror   -Wno-long-long -o CMakeFiles/cmTryCompileExec104101244.dir/src.cxx.o -c /home/victor/libs/PCL/PCL-src/Android/apps/android/android_dependencies/android-cmake/common-libs/eigen/eigen-android/build/CMakeFiles/CMakeTmp/src.cxx
Linking CXX executable cmTryCompileExec104101244
/usr/bin/cmake -E cmake_link_script CMakeFiles/cmTryCompileExec104101244.dir/link.txt --verbose=1
/usr/bin/c++    -pedantic -Wall -Wextra -Wundef -Wcast-align -Wchar-subscripts -Wnon-virtual-dtor -Wunused-local-typedefs -Wpointer-arith -Wwrite-strings -Wformat-security -Wno-psabi -Wno-variadic-macros -DCOMPILER_SUPPORT_Wnolonglong -Werror    CMakeFiles/cmTryCompileExec104101244.dir/src.cxx.o  -o cmTryCompileExec104101244 -rdynamic 
make[1]: Leaving directory `/home/victor/libs/PCL/PCL-src/Android/apps/android/android_dependencies/android-cmake/common-libs/eigen/eigen-android/build/CMakeFiles/CMakeTmp'

Source file was:
int main() { return 0; }
Performing C++ SOURCE FILE Test COMPILER_SUPPORT_fnochecknew succeded with the following output:
Change Dir: /home/victor/libs/PCL/PCL-src/Android/apps/android/android_dependencies/android-cmake/common-libs/eigen/eigen-android/build/CMakeFiles/CMakeTmp

Run Build Command:"/usr/bin/make" "cmTryCompileExec2771534098/fast"
/usr/bin/make -f CMakeFiles/cmTryCompileExec2771534098.dir/build.make CMakeFiles/cmTryCompileExec2771534098.dir/build
make[1]: Entering directory `/home/victor/libs/PCL/PCL-src/Android/apps/android/android_dependencies/android-cmake/common-libs/eigen/eigen-android/build/CMakeFiles/CMakeTmp'
/usr/bin/cmake -E cmake_progress_report /home/victor/libs/PCL/PCL-src/Android/apps/android/android_dependencies/android-cmake/common-libs/eigen/eigen-android/build/CMakeFiles/CMakeTmp/CMakeFiles 1
Building CXX object CMakeFiles/cmTryCompileExec2771534098.dir/src.cxx.o
/usr/bin/c++    -pedantic -Wall -Wextra -Wundef -Wcast-align -Wchar-subscripts -Wnon-virtual-dtor -Wunused-local-typedefs -Wpointer-arith -Wwrite-strings -Wformat-security -Wno-psabi -Wno-variadic-macros -Wno-long-long -DCOMPILER_SUPPORT_fnochecknew -Werror   -fno-check-new -o CMakeFiles/cmTryCompileExec2771534098.dir/src.cxx.o -c /home/victor/libs/PCL/PCL-src/Android/apps/android/android_dependencies/android-cmake/common-libs/eigen/eigen-android/build/CMakeFiles/CMakeTmp/src.cxx
Linking CXX executable cmTryCompileExec2771534098
/usr/bin/cmake -E cmake_link_script CMakeFiles/cmTryCompileExec2771534098.dir/link.txt --verbose=1
/usr/bin/c++    -pedantic -Wall -Wextra -Wundef -Wcast-align -Wchar-subscripts -Wnon-virtual-dtor -Wunused-local-typedefs -Wpointer-arith -Wwrite-strings -Wformat-security -Wno-psabi -Wno-variadic-macros -Wno-long-long -DCOMPILER_SUPPORT_fnochecknew -Werror    CMakeFiles/cmTryCompileExec2771534098.dir/src.cxx.o  -o cmTryCompileExec2771534098 -rdynamic 
make[1]: Leaving directory `/home/victor/libs/PCL/PCL-src/Android/apps/android/android_dependencies/android-cmake/common-libs/eigen/eigen-android/build/CMakeFiles/CMakeTmp'

Source file was:
int main() { return 0; }
Performing C++ SOURCE FILE Test COMPILER_SUPPORT_fnocommon succeded with the following output:
Change Dir: /home/victor/libs/PCL/PCL-src/Android/apps/android/android_dependencies/android-cmake/common-libs/eigen/eigen-android/build/CMakeFiles/CMakeTmp

Run Build Command:"/usr/bin/make" "cmTryCompileExec441099792/fast"
/usr/bin/make -f CMakeFiles/cmTryCompileExec441099792.dir/build.make CMakeFiles/cmTryCompileExec441099792.dir/build
make[1]: Entering directory `/home/victor/libs/PCL/PCL-src/Android/apps/android/android_dependencies/android-cmake/common-libs/eigen/eigen-android/build/CMakeFiles/CMakeTmp'
/usr/bin/cmake -E cmake_progress_report /home/victor/libs/PCL/PCL-src/Android/apps/android/android_dependencies/android-cmake/common-libs/eigen/eigen-android/build/CMakeFiles/CMakeTmp/CMakeFiles 1
Building CXX object CMakeFiles/cmTryCompileExec441099792.dir/src.cxx.o
/usr/bin/c++    -pedantic -Wall -Wextra -Wundef -Wcast-align -Wchar-subscripts -Wnon-virtual-dtor -Wunused-local-typedefs -Wpointer-arith -Wwrite-strings -Wformat-security -Wno-psabi -Wno-variadic-macros -Wno-long-long -fno-check-new -DCOMPILER_SUPPORT_fnocommon -Werror   -fno-common -o CMakeFiles/cmTryCompileExec441099792.dir/src.cxx.o -c /home/victor/libs/PCL/PCL-src/Android/apps/android/android_dependencies/android-cmake/common-libs/eigen/eigen-android/build/CMakeFiles/CMakeTmp/src.cxx
Linking CXX executable cmTryCompileExec441099792
/usr/bin/cmake -E cmake_link_script CMakeFiles/cmTryCompileExec441099792.dir/link.txt --verbose=1
/usr/bin/c++    -pedantic -Wall -Wextra -Wundef -Wcast-align -Wchar-subscripts -Wnon-virtual-dtor -Wunused-local-typedefs -Wpointer-arith -Wwrite-strings -Wformat-security -Wno-psabi -Wno-variadic-macros -Wno-long-long -fno-check-new -DCOMPILER_SUPPORT_fnocommon -Werror    CMakeFiles/cmTryCompileExec441099792.dir/src.cxx.o  -o cmTryCompileExec441099792 -rdynamic 
make[1]: Leaving directory `/home/victor/libs/PCL/PCL-src/Android/apps/android/android_dependencies/android-cmake/common-libs/eigen/eigen-android/build/CMakeFiles/CMakeTmp'

Source file was:
int main() { return 0; }
Performing C++ SOURCE FILE Test COMPILER_SUPPORT_fstrictaliasing succeded with the following output:
Change Dir: /home/victor/libs/PCL/PCL-src/Android/apps/android/android_dependencies/android-cmake/common-libs/eigen/eigen-android/build/CMakeFiles/CMakeTmp

Run Build Command:"/usr/bin/make" "cmTryCompileExec1483072057/fast"
/usr/bin/make -f CMakeFiles/cmTryCompileExec1483072057.dir/build.make CMakeFiles/cmTryCompileExec1483072057.dir/build
make[1]: Entering directory `/home/victor/libs/PCL/PCL-src/Android/apps/android/android_dependencies/android-cmake/common-libs/eigen/eigen-android/build/CMakeFiles/CMakeTmp'
/usr/bin/cmake -E cmake_progress_report /home/victor/libs/PCL/PCL-src/Android/apps/android/android_dependencies/android-cmake/common-libs/eigen/eigen-android/build/CMakeFiles/CMakeTmp/CMakeFiles 1
Building CXX object CMakeFiles/cmTryCompileExec1483072057.dir/src.cxx.o
/usr/bin/c++    -pedantic -Wall -Wextra -Wundef -Wcast-align -Wchar-subscripts -Wnon-virtual-dtor -Wunused-local-typedefs -Wpointer-arith -Wwrite-strings -Wformat-security -Wno-psabi -Wno-variadic-macros -Wno-long-long -fno-check-new -fno-common -DCOMPILER_SUPPORT_fstrictaliasing -Werror   -fstrict-aliasing -o CMakeFiles/cmTryCompileExec1483072057.dir/src.cxx.o -c /home/victor/libs/PCL/PCL-src/Android/apps/android/android_dependencies/android-cmake/common-libs/eigen/eigen-android/build/CMakeFiles/CMakeTmp/src.cxx
Linking CXX executable cmTryCompileExec1483072057
/usr/bin/cmake -E cmake_link_script CMakeFiles/cmTryCompileExec1483072057.dir/link.txt --verbose=1
/usr/bin/c++    -pedantic -Wall -Wextra -Wundef -Wcast-align -Wchar-subscripts -Wnon-virtual-dtor -Wunused-local-typedefs -Wpointer-arith -Wwrite-strings -Wformat-security -Wno-psabi -Wno-variadic-macros -Wno-long-long -fno-check-new -fno-common -DCOMPILER_SUPPORT_fstrictaliasing -Werror    CMakeFiles/cmTryCompileExec1483072057.dir/src.cxx.o  -o cmTryCompileExec1483072057 -rdynamic 
make[1]: Leaving directory `/home/victor/libs/PCL/PCL-src/Android/apps/android/android_dependencies/android-cmake/common-libs/eigen/eigen-android/build/CMakeFiles/CMakeTmp'

Source file was:
int main() { return 0; }
Performing C++ SOURCE FILE Test COMPILER_SUPPORT_ansi succeded with the following output:
Change Dir: /home/victor/libs/PCL/PCL-src/Android/apps/android/android_dependencies/android-cmake/common-libs/eigen/eigen-android/build/CMakeFiles/CMakeTmp

Run Build Command:"/usr/bin/make" "cmTryCompileExec3126328026/fast"
/usr/bin/make -f CMakeFiles/cmTryCompileExec3126328026.dir/build.make CMakeFiles/cmTryCompileExec3126328026.dir/build
make[1]: Entering directory `/home/victor/libs/PCL/PCL-src/Android/apps/android/android_dependencies/android-cmake/common-libs/eigen/eigen-android/build/CMakeFiles/CMakeTmp'
/usr/bin/cmake -E cmake_progress_report /home/victor/libs/PCL/PCL-src/Android/apps/android/android_dependencies/android-cmake/common-libs/eigen/eigen-android/build/CMakeFiles/CMakeTmp/CMakeFiles 1
Building CXX object CMakeFiles/cmTryCompileExec3126328026.dir/src.cxx.o
/usr/bin/c++    -pedantic -Wall -Wextra -Wundef -Wcast-align -Wchar-subscripts -Wnon-virtual-dtor -Wunused-local-typedefs -Wpointer-arith -Wwrite-strings -Wformat-security -Wno-psabi -Wno-variadic-macros -Wno-long-long -fno-check-new -fno-common -fstrict-aliasing -DCOMPILER_SUPPORT_ansi -Werror   -ansi -o CMakeFiles/cmTryCompileExec3126328026.dir/src.cxx.o -c /home/victor/libs/PCL/PCL-src/Android/apps/android/android_dependencies/android-cmake/common-libs/eigen/eigen-android/build/CMakeFiles/CMakeTmp/src.cxx
Linking CXX executable cmTryCompileExec3126328026
/usr/bin/cmake -E cmake_link_script CMakeFiles/cmTryCompileExec3126328026.dir/link.txt --verbose=1
/usr/bin/c++    -pedantic -Wall -Wextra -Wundef -Wcast-align -Wchar-subscripts -Wnon-virtual-dtor -Wunused-local-typedefs -Wpointer-arith -Wwrite-strings -Wformat-security -Wno-psabi -Wno-variadic-macros -Wno-long-long -fno-check-new -fno-common -fstrict-aliasing -DCOMPILER_SUPPORT_ansi -Werror    CMakeFiles/cmTryCompileExec3126328026.dir/src.cxx.o  -o cmTryCompileExec3126328026 -rdynamic 
make[1]: Leaving directory `/home/victor/libs/PCL/PCL-src/Android/apps/android/android_dependencies/android-cmake/common-libs/eigen/eigen-android/build/CMakeFiles/CMakeTmp'

Source file was:
int main() { return 0; }
Performing C++ SOURCE FILE Test COMPILER_SUPPORT_pie succeded with the following output:
Change Dir: /home/victor/libs/PCL/PCL-src/Android/apps/android/android_dependencies/android-cmake/common-libs/eigen/eigen-android/build/CMakeFiles/CMakeTmp

Run Build Command:"/usr/bin/make" "cmTryCompileExec4244095756/fast"
/usr/bin/make -f CMakeFiles/cmTryCompileExec4244095756.dir/build.make CMakeFiles/cmTryCompileExec4244095756.dir/build
make[1]: Entering directory `/home/victor/libs/PCL/PCL-src/Android/apps/android/android_dependencies/android-cmake/common-libs/eigen/eigen-android/build/CMakeFiles/CMakeTmp'
/usr/bin/cmake -E cmake_progress_report /home/victor/libs/PCL/PCL-src/Android/apps/android/android_dependencies/android-cmake/common-libs/eigen/eigen-android/build/CMakeFiles/CMakeTmp/CMakeFiles 1
Building CXX object CMakeFiles/cmTryCompileExec4244095756.dir/src.cxx.o
/usr/bin/c++    -pedantic -Wall -Wextra -Wundef -Wcast-align -Wchar-subscripts -Wnon-virtual-dtor -Wunused-local-typedefs -Wpointer-arith -Wwrite-strings -Wformat-security -Wno-psabi -Wno-variadic-macros -Wno-long-long -fno-check-new -fno-common -fstrict-aliasing -ansi -DCOMPILER_SUPPORT_pie -Werror   -pie -o CMakeFiles/cmTryCompileExec4244095756.dir/src.cxx.o -c /home/victor/libs/PCL/PCL-src/Android/apps/android/android_dependencies/android-cmake/common-libs/eigen/eigen-android/build/CMakeFiles/CMakeTmp/src.cxx
Linking CXX executable cmTryCompileExec4244095756
/usr/bin/cmake -E cmake_link_script CMakeFiles/cmTryCompileExec4244095756.dir/link.txt --verbose=1
/usr/bin/c++    -pedantic -Wall -Wextra -Wundef -Wcast-align -Wchar-subscripts -Wnon-virtual-dtor -Wunused-local-typedefs -Wpointer-arith -Wwrite-strings -Wformat-security -Wno-psabi -Wno-variadic-macros -Wno-long-long -fno-check-new -fno-common -fstrict-aliasing -ansi -DCOMPILER_SUPPORT_pie -Werror    CMakeFiles/cmTryCompileExec4244095756.dir/src.cxx.o  -o cmTryCompileExec4244095756 -rdynamic 
make[1]: Leaving directory `/home/victor/libs/PCL/PCL-src/Android/apps/android/android_dependencies/android-cmake/common-libs/eigen/eigen-android/build/CMakeFiles/CMakeTmp'

Source file was:
int main() { return 0; }
Performing C++ SOURCE FILE Test COMPILER_SUPPORT_fPIE succeded with the following output:
Change Dir: /home/victor/libs/PCL/PCL-src/Android/apps/android/android_dependencies/android-cmake/common-libs/eigen/eigen-android/build/CMakeFiles/CMakeTmp

Run Build Command:"/usr/bin/make" "cmTryCompileExec703568389/fast"
/usr/bin/make -f CMakeFiles/cmTryCompileExec703568389.dir/build.make CMakeFiles/cmTryCompileExec703568389.dir/build
make[1]: Entering directory `/home/victor/libs/PCL/PCL-src/Android/apps/android/android_dependencies/android-cmake/common-libs/eigen/eigen-android/build/CMakeFiles/CMakeTmp'
/usr/bin/cmake -E cmake_progress_report /home/victor/libs/PCL/PCL-src/Android/apps/android/android_dependencies/android-cmake/common-libs/eigen/eigen-android/build/CMakeFiles/CMakeTmp/CMakeFiles 1
Building CXX object CMakeFiles/cmTryCompileExec703568389.dir/src.cxx.o
/usr/bin/c++    -pedantic -Wall -Wextra -Wundef -Wcast-align -Wchar-subscripts -Wnon-virtual-dtor -Wunused-local-typedefs -Wpointer-arith -Wwrite-strings -Wformat-security -Wno-psabi -Wno-variadic-macros -Wno-long-long -fno-check-new -fno-common -fstrict-aliasing -ansi -pie -DCOMPILER_SUPPORT_fPIE -Werror   -fPIE -o CMakeFiles/cmTryCompileExec703568389.dir/src.cxx.o -c /home/victor/libs/PCL/PCL-src/Android/apps/android/android_dependencies/android-cmake/common-libs/eigen/eigen-android/build/CMakeFiles/CMakeTmp/src.cxx
Linking CXX executable cmTryCompileExec703568389
/usr/bin/cmake -E cmake_link_script CMakeFiles/cmTryCompileExec703568389.dir/link.txt --verbose=1
/usr/bin/c++    -pedantic -Wall -Wextra -Wundef -Wcast-align -Wchar-subscripts -Wnon-virtual-dtor -Wunused-local-typedefs -Wpointer-arith -Wwrite-strings -Wformat-security -Wno-psabi -Wno-variadic-macros -Wno-long-long -fno-check-new -fno-common -fstrict-aliasing -ansi -pie -DCOMPILER_SUPPORT_fPIE -Werror    CMakeFiles/cmTryCompileExec703568389.dir/src.cxx.o  -o cmTryCompileExec703568389 -rdynamic 
make[1]: Leaving directory `/home/victor/libs/PCL/PCL-src/Android/apps/android/android_dependencies/android-cmake/common-libs/eigen/eigen-android/build/CMakeFiles/CMakeTmp'

Source file was:
int main() { return 0; }
Performing C++ SOURCE FILE Test COMPILER_SUPPORT_OPENMP succeded with the following output:
Change Dir: /home/victor/libs/PCL/PCL-src/Android/apps/android/android_dependencies/android-cmake/common-libs/eigen/eigen-android/build/CMakeFiles/CMakeTmp

Run Build Command:"/usr/bin/make" "cmTryCompileExec2001197339/fast"
/usr/bin/make -f CMakeFiles/cmTryCompileExec2001197339.dir/build.make CMakeFiles/cmTryCompileExec2001197339.dir/build
make[1]: Entering directory `/home/victor/libs/PCL/PCL-src/Android/apps/android/android_dependencies/android-cmake/common-libs/eigen/eigen-android/build/CMakeFiles/CMakeTmp'
/usr/bin/cmake -E cmake_progress_report /home/victor/libs/PCL/PCL-src/Android/apps/android/android_dependencies/android-cmake/common-libs/eigen/eigen-android/build/CMakeFiles/CMakeTmp/CMakeFiles 1
Building CXX object CMakeFiles/cmTryCompileExec2001197339.dir/src.cxx.o
/usr/bin/c++    -pedantic -Wall -Wextra -Wundef -Wcast-align -Wchar-subscripts -Wnon-virtual-dtor -Wunused-local-typedefs -Wpointer-arith -Wwrite-strings -Wformat-security -Wno-psabi -Wno-variadic-macros -Wno-long-long -fno-check-new -fno-common -fstrict-aliasing -ansi -pie -fPIE -DCOMPILER_SUPPORT_OPENMP   -fopenmp -o CMakeFiles/cmTryCompileExec2001197339.dir/src.cxx.o -c /home/victor/libs/PCL/PCL-src/Android/apps/android/android_dependencies/android-cmake/common-libs/eigen/eigen-android/build/CMakeFiles/CMakeTmp/src.cxx
Linking CXX executable cmTryCompileExec2001197339
/usr/bin/cmake -E cmake_link_script CMakeFiles/cmTryCompileExec2001197339.dir/link.txt --verbose=1
/usr/bin/c++    -pedantic -Wall -Wextra -Wundef -Wcast-align -Wchar-subscripts -Wnon-virtual-dtor -Wunused-local-typedefs -Wpointer-arith -Wwrite-strings -Wformat-security -Wno-psabi -Wno-variadic-macros -Wno-long-long -fno-check-new -fno-common -fstrict-aliasing -ansi -pie -fPIE -DCOMPILER_SUPPORT_OPENMP    CMakeFiles/cmTryCompileExec2001197339.dir/src.cxx.o  -o cmTryCompileExec2001197339 -rdynamic 
make[1]: Leaving directory `/home/victor/libs/PCL/PCL-src/Android/apps/android/android_dependencies/android-cmake/common-libs/eigen/eigen-android/build/CMakeFiles/CMakeTmp'

Source file was:
int main() { return 0; }
Determining if the Q_WS_X11 exist passed with the following output:
Change Dir: /home/victor/libs/PCL/PCL-src/Android/apps/android/android_dependencies/android-cmake/common-libs/eigen/eigen-android/build/CMakeFiles/CMakeTmp

Run Build Command:"/usr/bin/make" "cmTryCompileExec2580114777/fast"
/usr/bin/make -f CMakeFiles/cmTryCompileExec2580114777.dir/build.make CMakeFiles/cmTryCompileExec2580114777.dir/build
make[1]: Entering directory `/home/victor/libs/PCL/PCL-src/Android/apps/android/android_dependencies/android-cmake/common-libs/eigen/eigen-android/build/CMakeFiles/CMakeTmp'
/usr/bin/cmake -E cmake_progress_report /home/victor/libs/PCL/PCL-src/Android/apps/android/android_dependencies/android-cmake/common-libs/eigen/eigen-android/build/CMakeFiles/CMakeTmp/CMakeFiles 1
Building CXX object CMakeFiles/cmTryCompileExec2580114777.dir/CheckSymbolExists.cxx.o
/usr/bin/c++    -pedantic -Wall -Wextra -Wundef -Wcast-align -Wchar-subscripts -Wnon-virtual-dtor -Wunused-local-typedefs -Wpointer-arith -Wwrite-strings -Wformat-security -Wno-psabi -Wno-variadic-macros -Wno-long-long -fno-check-new -fno-common -fstrict-aliasing -ansi -pie -fPIE -O1 -g1  -I/usr/include/qt4    -o CMakeFiles/cmTryCompileExec2580114777.dir/CheckSymbolExists.cxx.o -c /home/victor/libs/PCL/PCL-src/Android/apps/android/android_dependencies/android-cmake/common-libs/eigen/eigen-android/build/CMakeFiles/CMakeTmp/CheckSymbolExists.cxx
Linking CXX executable cmTryCompileExec2580114777
/usr/bin/cmake -E cmake_link_script CMakeFiles/cmTryCompileExec2580114777.dir/link.txt --verbose=1
/usr/bin/c++    -pedantic -Wall -Wextra -Wundef -Wcast-align -Wchar-subscripts -Wnon-virtual-dtor -Wunused-local-typedefs -Wpointer-arith -Wwrite-strings -Wformat-security -Wno-psabi -Wno-variadic-macros -Wno-long-long -fno-check-new -fno-common -fstrict-aliasing -ansi -pie -fPIE -O1 -g1     CMakeFiles/cmTryCompileExec2580114777.dir/CheckSymbolExists.cxx.o  -o cmTryCompileExec2580114777 -rdynamic 
make[1]: Leaving directory `/home/victor/libs/PCL/PCL-src/Android/apps/android/android_dependencies/android-cmake/common-libs/eigen/eigen-android/build/CMakeFiles/CMakeTmp'

File /home/victor/libs/PCL/PCL-src/Android/apps/android/android_dependencies/android-cmake/common-libs/eigen/eigen-android/build/CMakeFiles/CMakeTmp/CheckSymbolExists.cxx:
/* */
#include <QtCore/qglobal.h>

int main(int argc, char** argv)
{
  (void)argv;
#ifndef Q_WS_X11
  return ((int*)(&Q_WS_X11))[argc];
#else
  (void)argc;
  return 0;
#endif
}

Performing C++ SOURCE FILE Test EIGEN_COMPILER_SUPPORT_CPP11 succeded with the following output:
Change Dir: /home/victor/libs/PCL/PCL-src/Android/apps/android/android_dependencies/android-cmake/common-libs/eigen/eigen-android/build/CMakeFiles/CMakeTmp

Run Build Command:"/usr/bin/make" "cmTryCompileExec2336419271/fast"
/usr/bin/make -f CMakeFiles/cmTryCompileExec2336419271.dir/build.make CMakeFiles/cmTryCompileExec2336419271.dir/build
make[1]: Entering directory `/home/victor/libs/PCL/PCL-src/Android/apps/android/android_dependencies/android-cmake/common-libs/eigen/eigen-android/build/CMakeFiles/CMakeTmp'
/usr/bin/cmake -E cmake_progress_report /home/victor/libs/PCL/PCL-src/Android/apps/android/android_dependencies/android-cmake/common-libs/eigen/eigen-android/build/CMakeFiles/CMakeTmp/CMakeFiles 1
Building CXX object CMakeFiles/cmTryCompileExec2336419271.dir/src.cxx.o
/usr/bin/c++    -pedantic -Wall -Wextra -Wundef -Wcast-align -Wchar-subscripts -Wnon-virtual-dtor -Wunused-local-typedefs -Wpointer-arith -Wwrite-strings -Wformat-security -Wno-psabi -Wno-variadic-macros -Wno-long-long -fno-check-new -fno-common -fstrict-aliasing -ansi -pie -fPIE -O1 -g1 -DEIGEN_COMPILER_SUPPORT_CPP11   -std=c++11 -o CMakeFiles/cmTryCompileExec2336419271.dir/src.cxx.o -c /home/victor/libs/PCL/PCL-src/Android/apps/android/android_dependencies/android-cmake/common-libs/eigen/eigen-android/build/CMakeFiles/CMakeTmp/src.cxx
Linking CXX executable cmTryCompileExec2336419271
/usr/bin/cmake -E cmake_link_script CMakeFiles/cmTryCompileExec2336419271.dir/link.txt --verbose=1
/usr/bin/c++    -pedantic -Wall -Wextra -Wundef -Wcast-align -Wchar-subscripts -Wnon-virtual-dtor -Wunused-local-typedefs -Wpointer-arith -Wwrite-strings -Wformat-security -Wno-psabi -Wno-variadic-macros -Wno-long-long -fno-check-new -fno-common -fstrict-aliasing -ansi -pie -fPIE -O1 -g1 -DEIGEN_COMPILER_SUPPORT_CPP11    CMakeFiles/cmTryCompileExec2336419271.dir/src.cxx.o  -o cmTryCompileExec2336419271 -rdynamic 
make[1]: Leaving directory `/home/victor/libs/PCL/PCL-src/Android/apps/android/android_dependencies/android-cmake/common-libs/eigen/eigen-android/build/CMakeFiles/CMakeTmp'

Source file was:
int main() { return 0; }
Performing C++ SOURCE FILE Test EIGEN_COMPILER_SUPPORT_CXX11 succeded with the following output:
Change Dir: /home/victor/libs/PCL/PCL-src/Android/apps/android/android_dependencies/android-cmake/common-libs/eigen/eigen-android/build/CMakeFiles/CMakeTmp

Run Build Command:"/usr/bin/make" "cmTryCompileExec3716144066/fast"
/usr/bin/make -f CMakeFiles/cmTryCompileExec3716144066.dir/build.make CMakeFiles/cmTryCompileExec3716144066.dir/build
make[1]: Entering directory `/home/victor/libs/PCL/PCL-src/Android/apps/android/android_dependencies/android-cmake/common-libs/eigen/eigen-android/build/CMakeFiles/CMakeTmp'
/usr/bin/cmake -E cmake_progress_report /home/victor/libs/PCL/PCL-src/Android/apps/android/android_dependencies/android-cmake/common-libs/eigen/eigen-android/build/CMakeFiles/CMakeTmp/CMakeFiles 1
Building CXX object CMakeFiles/cmTryCompileExec3716144066.dir/src.cxx.o
/usr/bin/c++    -pedantic -Wall -Wextra -Wundef -Wcast-align -Wchar-subscripts -Wnon-virtual-dtor -Wunused-local-typedefs -Wpointer-arith -Wwrite-strings -Wformat-security -Wno-psabi -Wno-variadic-macros -Wno-long-long -fno-check-new -fno-common -fstrict-aliasing -ansi -pie -fPIE  -g2 -DEIGEN_COMPILER_SUPPORT_CXX11   -std=c++11 -o CMakeFiles/cmTryCompileExec3716144066.dir/src.cxx.o -c /home/victor/libs/PCL/PCL-src/Android/apps/android/android_dependencies/android-cmake/common-libs/eigen/eigen-android/build/CMakeFiles/CMakeTmp/src.cxx
Linking CXX executable cmTryCompileExec3716144066
/usr/bin/cmake -E cmake_link_script CMakeFiles/cmTryCompileExec3716144066.dir/link.txt --verbose=1
/usr/bin/c++    -pedantic -Wall -Wextra -Wundef -Wcast-align -Wchar-subscripts -Wnon-virtual-dtor -Wunused-local-typedefs -Wpointer-arith -Wwrite-strings -Wformat-security -Wno-psabi -Wno-variadic-macros -Wno-long-long -fno-check-new -fno-common -fstrict-aliasing -ansi -pie -fPIE  -g2 -DEIGEN_COMPILER_SUPPORT_CXX11    CMakeFiles/cmTryCompileExec3716144066.dir/src.cxx.o  -o cmTryCompileExec3716144066 -rdynamic 
make[1]: Leaving directory `/home/victor/libs/PCL/PCL-src/Android/apps/android/android_dependencies/android-cmake/common-libs/eigen/eigen-android/build/CMakeFiles/CMakeTmp'

Source file was:
int main() { return 0; }
